<dummy-request>
	<dummy-message id="1">
		<EquinoxMessage from="PGZ_SQA.E11.0" via="PGZ_SQA.E11.0" session="PGZ_SQA.E11.0.01529638834905113" timeout="10" ret="0" diag="1:0:0">
			<EquinoxRawData name="HTTP" invoke="PGZ_SQA.E11.0.01529638834905113" type="request" ctype="text/xml" to="PGZ_SQA.ES00" orig="PGZ_SQA.E11.0.0" ret="0" />
			<EquinoxInstance>
				<value val="" />
			</EquinoxInstance>
		</EquinoxMessage>
	</dummy-message>
	
	<dummy-message id="2">
		<EquinoxMessage from="PGZ_SQA.E11.0" via="PGZ_SQA.E11.0" session="PGZ_SQA.E11.0.01529638834905113" timeout="10" ret="0" diag="2:1:0">
			<EquinoxRawData to="PGZ_SQA.ES00.0" name="HTTP" type="response" ctype="text/plain" invoke="01529638834905113.00000.TRIGGER.W_SDF_GETRESOURCEINVENTORY.00TRIGGER" ecode="200" method="GET" url="/v1/sales/resourceSpecification/resourceInventory.json" val="{&quot;resultCode&quot;:&quot;20000&quot;,&quot;resultDescription&quot;:&quot;Success&quot;,&quot;resultData&quot;:[{&quot;createdBy&quot;:&quot;pornnapa&quot;,&quot;createdDate&quot;:&quot;20180427000000+0700&quot;,&quot;effectiveDate&quot;:&quot;20180427000000+0700&quot;,&quot;expireDate&quot;:&quot;20680417000000+0700&quot;,&quot;identityFlag&quot;:&quot;Y&quot;,&quot;identityType&quot;:&quot;imsi&quot;,&quot;instanceFlag&quot;:&quot;N&quot;,&quot;inventoryType&quot;:&quot;Soft Goods&quot;,&quot;lastModifiedBy&quot;:&quot;pornnapa&quot;,&quot;lastModifiedTime&quot;:&quot;20180427000000+0700&quot;,&quot;quotaPlan&quot;:&quot;999999999&quot;,&quot;resourceDescriptionEN&quot;:&quot;Resource for smsTerminating&quot;,&quot;resourceDescriptionTH&quot;:&quot;Resource เธชเธณเธซเธฃเธฑเธเธเธฒเธฃเธเธฑเธ”เธเธฒเธฃ  smsTerminating&quot;,&quot;resourceName&quot;:&quot;smsTerminating&quot;,&quot;resourceState&quot;:&quot;Active&quot;},{&quot;createdBy&quot;:&quot;pornnapa&quot;,&quot;createdDate&quot;:&quot;20180427000000+0700&quot;,&quot;effectiveDate&quot;:&quot;20180427000000+0700&quot;,&quot;expireDate&quot;:&quot;20680417000000+0700&quot;,&quot;identityFlag&quot;:&quot;Y&quot;,&quot;identityType&quot;:&quot;imsi&quot;,&quot;instanceFlag&quot;:&quot;N&quot;,&quot;inventoryType&quot;:&quot;Soft Goods&quot;,&quot;lastModifiedBy&quot;:&quot;pornnapa&quot;,&quot;lastModifiedTime&quot;:&quot;20180427000000+0700&quot;,&quot;quotaPlan&quot;:&quot;999999999&quot;,&quot;resourceDescriptionEN&quot;:&quot;Resource for smsOriginating&quot;,&quot;resourceDescriptionTH&quot;:&quot;Resource เธชเธณเธซเธฃเธฑเธเธเธฒเธฃเธเธฑเธ”เธเธฒเธฃ  smsOriginating&quot;,&quot;resourceName&quot;:&quot;smsOriginating&quot;,&quot;resourceState&quot;:&quot;Active&quot;},{&quot;createdBy&quot;:&quot;pornnapa&quot;,&quot;createdDate&quot;:&quot;20180427000000+0700&quot;,&quot;effectiveDate&quot;:&quot;20180427000000+0700&quot;,&quot;expireDate&quot;:&quot;20680417000000+0700&quot;,&quot;identityFlag&quot;:&quot;Y&quot;,&quot;identityType&quot;:&quot;imsi&quot;,&quot;instanceFlag&quot;:&quot;N&quot;,&quot;inventoryType&quot;:&quot;Soft Goods&quot;,&quot;lastModifiedBy&quot;:&quot;pornnapa&quot;,&quot;lastModifiedTime&quot;:&quot;20180427000000+0700&quot;,&quot;quotaPlan&quot;:&quot;999999999&quot;,&quot;resourceDescriptionEN&quot;:&quot;Resource for VoiceCall&quot;,&quot;resourceDescriptionTH&quot;:&quot;Resource เธชเธณเธซเธฃเธฑเธเธเธฒเธฃเธเธฑเธ”เธเธฒเธฃ  VoiceCall&quot;,&quot;resourceName&quot;:&quot;voiceCall&quot;,&quot;resourceState&quot;:&quot;Active&quot;},{&quot;createdBy&quot;:&quot;kusawadk&quot;,&quot;createdDate&quot;:&quot;20180607000000+0700&quot;,&quot;effectiveDate&quot;:&quot;20180607000000+0700&quot;,&quot;expireDate&quot;:&quot;20680301100000+0700&quot;,&quot;identityFlag&quot;:&quot;Y&quot;,&quot;identityType&quot;:&quot;mobileNo&quot;,&quot;instanceFlag&quot;:&quot;N&quot;,&quot;inventoryType&quot;:&quot;Soft Goods&quot;,&quot;lastModifiedBy&quot;:&quot;kusawadk&quot;,&quot;lastModifiedTime&quot;:&quot;20180607000000+0700&quot;,&quot;quotaPlan&quot;:&quot;999999999&quot;,&quot;resourceDescriptionEN&quot;:&quot;Resource for Promotion Management&quot;,&quot;resourceDescriptionTH&quot;:&quot;Resource เธชเธณเธซเธฃเธฑเธเธเธฒเธฃเธเธฑเธ”เธเธฒเธฃเธซเธกเธฒเธขเน€เธฅเธเนเธ—เธฃเธจเธฑเธเธ—เน&quot;,&quot;resourceName&quot;:&quot;numberInventory&quot;,&quot;resourceState&quot;:&quot;Active&quot;},{&quot;createdBy&quot;:&quot;pirajitp&quot;,&quot;createdDate&quot;:&quot;20180427000000+0700&quot;,&quot;effectiveDate&quot;:&quot;20180427000000+0700&quot;,&quot;expireDate&quot;:&quot;20680417000000+0700&quot;,&quot;identityFlag&quot;:&quot;Y&quot;,&quot;identityType&quot;:&quot;mobileNo&quot;,&quot;instanceFlag&quot;:&quot;N&quot;,&quot;inventoryType&quot;:&quot;Soft Goods&quot;,&quot;lastModifiedBy&quot;:&quot;pirajitp&quot;,&quot;lastModifiedTime&quot;:&quot;20180427000000+0700&quot;,&quot;quotaPlan&quot;:&quot;999999999&quot;,&quot;resourceDescriptionEN&quot;:&quot;Resource for Notify ME Management)&quot;,&quot;resourceDescriptionTH&quot;:&quot;Resource เธชเธณเธซเธฃเธฑเธเธเธฒเธฃเธเธฑเธ”เธเธฒเธฃ Notify ME&quot;,&quot;resourceName&quot;:&quot;notifyME&quot;,&quot;resourceState&quot;:&quot;Active&quot;},{&quot;createdBy&quot;:&quot;pirajitp&quot;,&quot;createdDate&quot;:&quot;20180427000000+0700&quot;,&quot;effectiveDate&quot;:&quot;20180427000000+0700&quot;,&quot;expireDate&quot;:&quot;20680417000000+0700&quot;,&quot;identityFlag&quot;:&quot;Y&quot;,&quot;identityType&quot;:&quot;imsi&quot;,&quot;instanceFlag&quot;:&quot;N&quot;,&quot;inventoryType&quot;:&quot;Soft Goods&quot;,&quot;lastModifiedBy&quot;:&quot;pirajitp&quot;,&quot;lastModifiedTime&quot;:&quot;20180427000000+0700&quot;,&quot;quotaPlan&quot;:&quot;999999999&quot;,&quot;resourceDescriptionEN&quot;:&quot;Resource for Call Waiting Management)&quot;,&quot;resourceDescriptionTH&quot;:&quot;Resource เธชเธณเธซเธฃเธฑเธเธเธฒเธฃเธเธฑเธ”เธเธฒเธฃ Call Waitting&quot;,&quot;resourceName&quot;:&quot;callWaiting&quot;,&quot;resourceState&quot;:&quot;Active&quot;},{&quot;createdBy&quot;:&quot;pirajitp&quot;,&quot;createdDate&quot;:&quot;20180427000000+0700&quot;,&quot;effectiveDate&quot;:&quot;20180427000000+0700&quot;,&quot;expireDate&quot;:&quot;20680417000000+0700&quot;,&quot;identityFlag&quot;:&quot;Y&quot;,&quot;identityType&quot;:&quot;imsi&quot;,&quot;instanceFlag&quot;:&quot;N&quot;,&quot;inventoryType&quot;:&quot;Soft Goods&quot;,&quot;lastModifiedBy&quot;:&quot;pirajitp&quot;,&quot;lastModifiedTime&quot;:&quot;20180427000000+0700&quot;,&quot;quotaPlan&quot;:&quot;999999999&quot;,&quot;resourceDescriptionEN&quot;:&quot;Resource for Call Forward Default Management)&quot;,&quot;resourceDescriptionTH&quot;:&quot;Resource เธชเธณเธซเธฃเธฑเธเธเธฒเธฃเธเธฑเธ”เธเธฒเธฃ Call Forward Default&quot;,&quot;resourceName&quot;:&quot;callForwardDefault&quot;,&quot;resourceState&quot;:&quot;Active&quot;},{&quot;createdBy&quot;:&quot;pirajitp&quot;,&quot;createdDate&quot;:&quot;20180427000000+0700&quot;,&quot;effectiveDate&quot;:&quot;20180427000000+0700&quot;,&quot;expireDate&quot;:&quot;20680417000000+0700&quot;,&quot;identityFlag&quot;:&quot;Y&quot;,&quot;identityType&quot;:&quot;imsi&quot;,&quot;instanceFlag&quot;:&quot;N&quot;,&quot;inventoryType&quot;:&quot;Soft Goods&quot;,&quot;lastModifiedBy&quot;:&quot;pirajitp&quot;,&quot;lastModifiedTime&quot;:&quot;20180427000000+0700&quot;,&quot;quotaPlan&quot;:&quot;999999999&quot;,&quot;resourceDescriptionEN&quot;:&quot;Resource for roaming)&quot;,&quot;resourceDescriptionTH&quot;:&quot;Resource เธชเธณเธซเธฃเธฑเธเธเธฒเธฃเธเธฑเธ”เธเธฒเธฃ Roaming&quot;,&quot;resourceName&quot;:&quot;roaming&quot;,&quot;resourceState&quot;:&quot;Active&quot;},{&quot;createdBy&quot;:&quot;kusawadk&quot;,&quot;createdDate&quot;:&quot;20180514000000+0700&quot;,&quot;effectiveDate&quot;:&quot;20180417000000+0700&quot;,&quot;expireDate&quot;:&quot;20680417000000+0700&quot;,&quot;identityFlag&quot;:&quot;Y&quot;,&quot;identityType&quot;:&quot;imsi&quot;,&quot;instanceFlag&quot;:&quot;N&quot;,&quot;inventoryType&quot;:&quot;&quot;,&quot;lastModifiedBy&quot;:&quot;kusawadk&quot;,&quot;lastModifiedTime&quot;:&quot;20180514000000+0700&quot;,&quot;quotaPlan&quot;:&quot;999999999&quot;,&quot;resourceDescriptionEN&quot;:&quot;&quot;,&quot;resourceDescriptionTH&quot;:&quot;&quot;,&quot;resourceName&quot;:&quot;pdpContextLte&quot;,&quot;resourceState&quot;:&quot;Active&quot;},{&quot;createdBy&quot;:&quot;pirajitp&quot;,&quot;createdDate&quot;:&quot;20180417000000+0700&quot;,&quot;effectiveDate&quot;:&quot;20180417000000+0700&quot;,&quot;expireDate&quot;:&quot;20680417000000+0700&quot;,&quot;identityFlag&quot;:&quot;Y&quot;,&quot;identityType&quot;:&quot;imsi&quot;,&quot;instanceFlag&quot;:&quot;N&quot;,&quot;inventoryType&quot;:&quot;Soft Goods&quot;,&quot;lastModifiedBy&quot;:&quot;pirajitp&quot;,&quot;lastModifiedTime&quot;:&quot;20180321000000+0700&quot;,&quot;quotaPlan&quot;:&quot;999999999&quot;,&quot;resourceDescriptionEN&quot;:&quot;Resource for APN Management of LTE (PackageDataProtocol)&quot;,&quot;resourceDescriptionTH&quot;:&quot;Resource เธชเธณเธซเธฃเธฑเธเธเธฒเธฃเธเธฑเธ”เธเธฒเธฃ APN เธเธญเธ LTE&quot;,&quot;resourceName&quot;:&quot;pdpContextLTE&quot;,&quot;resourceState&quot;:&quot;Active&quot;},{&quot;createdBy&quot;:&quot;pirajitp&quot;,&quot;createdDate&quot;:&quot;20180417000000+0700&quot;,&quot;effectiveDate&quot;:&quot;20180417000000+0700&quot;,&quot;expireDate&quot;:&quot;20680417000000+0700&quot;,&quot;identityFlag&quot;:&quot;Y&quot;,&quot;identityType&quot;:&quot;imsi&quot;,&quot;instanceFlag&quot;:&quot;N&quot;,&quot;inventoryType&quot;:&quot;Soft Goods&quot;,&quot;lastModifiedBy&quot;:&quot;pirajitp&quot;,&quot;lastModifiedTime&quot;:&quot;20180321000000+0700&quot;,&quot;quotaPlan&quot;:&quot;999999999&quot;,&quot;resourceDescriptionEN&quot;:&quot;Resource for Roaming Restriction LTE&quot;,&quot;resourceDescriptionTH&quot;:&quot;Resource เธชเธณเธซเธฃเธฑเธเธเธฒเธฃเธเธฑเธ”เธเธฒ Roaming Restriction LTE&quot;,&quot;resourceName&quot;:&quot;roamingRestrictionLTE&quot;,&quot;resourceState&quot;:&quot;Active&quot;},{&quot;createdBy&quot;:&quot;pirajitp&quot;,&quot;createdDate&quot;:&quot;20180417000000+0700&quot;,&quot;effectiveDate&quot;:&quot;20180417000000+0700&quot;,&quot;expireDate&quot;:&quot;20680417000000+0700&quot;,&quot;identityFlag&quot;:&quot;Y&quot;,&quot;identityType&quot;:&quot;imsi&quot;,&quot;instanceFlag&quot;:&quot;N&quot;,&quot;inventoryType&quot;:&quot;Soft Goods&quot;,&quot;lastModifiedBy&quot;:&quot;pirajitp&quot;,&quot;lastModifiedTime&quot;:&quot;20180321000000+0700&quot;,&quot;quotaPlan&quot;:&quot;999999999&quot;,&quot;resourceDescriptionEN&quot;:&quot;Resource for Roaming Restriction&quot;,&quot;resourceDescriptionTH&quot;:&quot;Resource เธชเธณเธซเธฃเธฑเธเธเธฒเธฃเธเธฑเธ”เธเธฒ Roaming Restriction&quot;,&quot;resourceName&quot;:&quot;roamingRestriction&quot;,&quot;resourceState&quot;:&quot;Active&quot;},{&quot;createdBy&quot;:&quot;pirajitp&quot;,&quot;createdDate&quot;:&quot;20180417000000+0700&quot;,&quot;effectiveDate&quot;:&quot;20180417000000+0700&quot;,&quot;expireDate&quot;:&quot;20680417000000+0700&quot;,&quot;identityFlag&quot;:&quot;Y&quot;,&quot;identityType&quot;:&quot;imsi&quot;,&quot;instanceFlag&quot;:&quot;N&quot;,&quot;inventoryType&quot;:&quot;Soft Goods&quot;,&quot;lastModifiedBy&quot;:&quot;pirajitp&quot;,&quot;lastModifiedTime&quot;:&quot;20180321000000+0700&quot;,&quot;quotaPlan&quot;:&quot;999999999&quot;,&quot;resourceDescriptionEN&quot;:&quot;Resource for LTE&quot;,&quot;resourceDescriptionTH&quot;:&quot;Resource เธชเธณเธซเธฃเธฑเธเธเธฒเธฃเธเธฑเธ”เธเธฒเธฃ LTE&quot;,&quot;resourceName&quot;:&quot;lte&quot;,&quot;resourceState&quot;:&quot;Active&quot;},{&quot;createdBy&quot;:&quot;pirajitp&quot;,&quot;createdDate&quot;:&quot;20180417000000+0700&quot;,&quot;effectiveDate&quot;:&quot;20180417000000+0700&quot;,&quot;expireDate&quot;:&quot;20680417000000+0700&quot;,&quot;identityFlag&quot;:&quot;Y&quot;,&quot;identityType&quot;:&quot;imsi&quot;,&quot;instanceFlag&quot;:&quot;N&quot;,&quot;inventoryType&quot;:&quot;Soft Goods&quot;,&quot;lastModifiedBy&quot;:&quot;pirajitp&quot;,&quot;lastModifiedTime&quot;:&quot;20180321000000+0700&quot;,&quot;quotaPlan&quot;:&quot;999999999&quot;,&quot;resourceDescriptionEN&quot;:&quot;Resource for GPRS&quot;,&quot;resourceDescriptionTH&quot;:&quot;Resource เธชเธณเธซเธฃเธฑเธเธเธฒเธฃเธเธฑเธ”เธเธฒเธฃ GPRS&quot;,&quot;resourceName&quot;:&quot;gprs&quot;,&quot;resourceState&quot;:&quot;Active&quot;},{&quot;createdBy&quot;:&quot;pirajitp&quot;,&quot;createdDate&quot;:&quot;20180417000000+0700&quot;,&quot;effectiveDate&quot;:&quot;20180417000000+0700&quot;,&quot;expireDate&quot;:&quot;20680417000000+0700&quot;,&quot;identityFlag&quot;:&quot;Y&quot;,&quot;identityType&quot;:&quot;imsi&quot;,&quot;instanceFlag&quot;:&quot;N&quot;,&quot;inventoryType&quot;:&quot;Soft Goods&quot;,&quot;lastModifiedBy&quot;:&quot;pirajitp&quot;,&quot;lastModifiedTime&quot;:&quot;20180321000000+0700&quot;,&quot;quotaPlan&quot;:&quot;999999999&quot;,&quot;resourceDescriptionEN&quot;:&quot;Resource for HLR Subscriber&quot;,&quot;resourceDescriptionTH&quot;:&quot;Resource เธชเธณเธซเธฃเธฑเธเธเธฒเธฃเธเธฑเธ”เธเธฒเธฃ HLR&quot;,&quot;resourceName&quot;:&quot;hlrSubscriber&quot;,&quot;resourceState&quot;:&quot;Active&quot;},{&quot;createdBy&quot;:&quot;kusawadk&quot;,&quot;createdDate&quot;:&quot;20180301100000+0700&quot;,&quot;effectiveDate&quot;:&quot;20180327000000+0700&quot;,&quot;expireDate&quot;:&quot;20680327000000+0700&quot;,&quot;identityFlag&quot;:&quot;Y&quot;,&quot;identityType&quot;:&quot;imsi&quot;,&quot;instanceFlag&quot;:&quot;N&quot;,&quot;inventoryType&quot;:&quot;Soft Goods&quot;,&quot;lastModifiedBy&quot;:&quot;kusawadk&quot;,&quot;lastModifiedTime&quot;:&quot;20180321000000+0700&quot;,&quot;quotaPlan&quot;:&quot;999999999&quot;,&quot;resourceDescriptionEN&quot;:&quot;Resource for APN Management (PackageDataProtocol)&quot;,&quot;resourceDescriptionTH&quot;:&quot;Resource เธชเธณเธซเธฃเธฑเธเธเธฒเธฃเธเธฑเธ”เธเธฒเธฃ APN&quot;,&quot;resourceName&quot;:&quot;pdpContext&quot;,&quot;resourceState&quot;:&quot;Active&quot;},{&quot;createdBy&quot;:&quot;kusawadk&quot;,&quot;createdDate&quot;:&quot;20180301100000+0700&quot;,&quot;effectiveDate&quot;:&quot;20180327000000+0700&quot;,&quot;expireDate&quot;:&quot;20680327000000+0700&quot;,&quot;identityFlag&quot;:&quot;Y&quot;,&quot;identityType&quot;:&quot;imsi&quot;,&quot;instanceFlag&quot;:&quot;N&quot;,&quot;inventoryType&quot;:&quot;Soft Goods&quot;,&quot;lastModifiedBy&quot;:&quot;pirajitp&quot;,&quot;lastModifiedTime&quot;:&quot;20180417000000+0700&quot;,&quot;quotaPlan&quot;:&quot;999999999&quot;,&quot;resourceDescriptionEN&quot;:&quot;Resource for camelTerminate management&quot;,&quot;resourceDescriptionTH&quot;:&quot;Resource เธชเธณเธซเธฃเธฑเธเธเธฒเธฃเธเธฑเธ”เธเธฒเธฃเธเนเธฒ CAMEL เธเธฒเธฃเธฑเธเธชเธฒเธข&quot;,&quot;resourceName&quot;:&quot;camelTerminatingSubscription&quot;,&quot;resourceState&quot;:&quot;Active&quot;},{&quot;createdBy&quot;:&quot;kusawadk&quot;,&quot;createdDate&quot;:&quot;20180301100000+0700&quot;,&quot;effectiveDate&quot;:&quot;20180327000000+0700&quot;,&quot;expireDate&quot;:&quot;20680327000000+0700&quot;,&quot;identityFlag&quot;:&quot;Y&quot;,&quot;identityType&quot;:&quot;imsi&quot;,&quot;instanceFlag&quot;:&quot;N&quot;,&quot;inventoryType&quot;:&quot;Soft Goods&quot;,&quot;lastModifiedBy&quot;:&quot;pirajitp&quot;,&quot;lastModifiedTime&quot;:&quot;20180417000000+0700&quot;,&quot;quotaPlan&quot;:&quot;999999999&quot;,&quot;resourceDescriptionEN&quot;:&quot;Resource for camelOriginate management&quot;,&quot;resourceDescriptionTH&quot;:&quot;Resource เธชเธณเธซเธฃเธฑเธเธเธฒเธฃเธเธฑเธ”เธเธฒเธฃเธเนเธฒ CAMEL เธเธฒเนเธ—เธฃเธญเธญเธ&quot;,&quot;resourceName&quot;:&quot;camelOriginatingSubscription&quot;,&quot;resourceState&quot;:&quot;Active&quot;},{&quot;createdBy&quot;:&quot;kusawadk&quot;,&quot;createdDate&quot;:&quot;20180301100000+0700&quot;,&quot;effectiveDate&quot;:&quot;20180327000000+0700&quot;,&quot;expireDate&quot;:&quot;20680327000000+0700&quot;,&quot;identityFlag&quot;:&quot;Y&quot;,&quot;identityType&quot;:&quot;imsi&quot;,&quot;instanceFlag&quot;:&quot;N&quot;,&quot;inventoryType&quot;:&quot;Soft Goods&quot;,&quot;lastModifiedBy&quot;:&quot;kusawadk&quot;,&quot;lastModifiedTime&quot;:&quot;20180321000000+0700&quot;,&quot;quotaPlan&quot;:&quot;999999999&quot;,&quot;resourceDescriptionEN&quot;:&quot;Resource for suspendOutgoingCall&quot;,&quot;resourceDescriptionTH&quot;:&quot;Resource เธชเธณเธซเธฃเธฑเธเธเธฒเธฃเธเธฑเธ”เธเธฒเธฃเธเธฒเธฃเนเธ—เธฃเธญเธญเธ&quot;,&quot;resourceName&quot;:&quot;suspendOutgoingCall&quot;,&quot;resourceState&quot;:&quot;Active&quot;},{&quot;createdBy&quot;:&quot;pirajitp&quot;,&quot;createdDate&quot;:&quot;20180301100000+0700&quot;,&quot;effectiveDate&quot;:&quot;20180327000000+0700&quot;,&quot;expireDate&quot;:&quot;20680327000000+0700&quot;,&quot;identityFlag&quot;:&quot;Y&quot;,&quot;identityType&quot;:&quot;mobileNo&quot;,&quot;instanceFlag&quot;:&quot;N&quot;,&quot;inventoryType&quot;:&quot;Soft Goods&quot;,&quot;lastModifiedBy&quot;:&quot;pirajitp&quot;,&quot;lastModifiedTime&quot;:&quot;20180321000000+0700&quot;,&quot;quotaPlan&quot;:&quot;999999999&quot;,&quot;resourceDescriptionEN&quot;:&quot;Resource for BillingSubscription&quot;,&quot;resourceDescriptionTH&quot;:&quot;Resource เธชเธณเธซเธฃเธฑเธเธเธฒเธฃเธเธฑเธ”เธเธฒเธฃเธชเธกเธฑเธเธฃเน€เธเธญเธฃเน&quot;,&quot;resourceName&quot;:&quot;billingSubscription&quot;,&quot;resourceState&quot;:&quot;Active&quot;},{&quot;createdBy&quot;:&quot;teewarac&quot;,&quot;createdDate&quot;:&quot;20180301100000+0700&quot;,&quot;effectiveDate&quot;:&quot;20180321000000+0700&quot;,&quot;expireDate&quot;:&quot;20680321000000+0700&quot;,&quot;identityFlag&quot;:&quot;Y&quot;,&quot;identityType&quot;:&quot;mobileNo&quot;,&quot;instanceFlag&quot;:&quot;N&quot;,&quot;inventoryType&quot;:&quot;Soft Goods&quot;,&quot;lastModifiedBy&quot;:&quot;teewarac&quot;,&quot;lastModifiedTime&quot;:&quot;20180321000000+0700&quot;,&quot;quotaPlan&quot;:&quot;999999999&quot;,&quot;resourceDescriptionEN&quot;:&quot;Resource for USMP Subscriber&quot;,&quot;resourceDescriptionTH&quot;:&quot;Resource เธชเธณเธซเธฃเธฑเธเธเธฒเธฃเธเธฑเธ”เธเธฒเธฃ USMP&quot;,&quot;resourceName&quot;:&quot;usmpSubscriber&quot;,&quot;resourceState&quot;:&quot;Active&quot;},{&quot;createdBy&quot;:&quot;pirajitp&quot;,&quot;createdDate&quot;:&quot;20180301100000+0700&quot;,&quot;effectiveDate&quot;:&quot;20180301100000+0700&quot;,&quot;expireDate&quot;:&quot;20680301100000+0700&quot;,&quot;identityFlag&quot;:&quot;Y&quot;,&quot;identityType&quot;:&quot;mobileNo&quot;,&quot;instanceFlag&quot;:&quot;N&quot;,&quot;inventoryType&quot;:&quot;Soft Goods&quot;,&quot;lastModifiedBy&quot;:&quot;pirajitp&quot;,&quot;lastModifiedTime&quot;:&quot;20180301100000+0700&quot;,&quot;quotaPlan&quot;:&quot;999999999&quot;,&quot;resourceDescriptionEN&quot;:&quot;Resource for Promotion Management&quot;,&quot;resourceDescriptionTH&quot;:&quot;Resource เธชเธณเธซเธฃเธฑเธเธเธฒเธฃเธเธฑเธ”เธเธฒเธฃเนเธเธฃเนเธกเธเธฑเนเธ&quot;,&quot;resourceName&quot;:&quot;promotionManagement&quot;,&quot;resourceState&quot;:&quot;Active&quot;}],&quot;rowCount&quot;: &quot;22&quot;}" charset="" desc="host=; port=17101; via=auto; session=1540143594" orig="PGZ_SQA.ES04.SDF_INVENTORY.0" ret="0" />
			<EquinoxInstance>
				<value val="1::W_SDF_GETRESOURCEINVENTORY::false::ZUp5dFZtMVAyekFRL2l0VnZnNUZDYlNEOVJ0cVF4Y05VcFlVMERZaFpKSXJ0VWpzWUR1OENQVy83MnpubFE2TlNmdFFxWDd1Zkw1Ny9OdzVyMDVCS0V1cTJ3U2twSnpGRldPVTNVWGNtZnA3eHJhaUJTU0tGR1hJVWw2Z3paazYrNTUvNUgzZTN4LzUzblRzVFE4bTdzVDNQbm1IbnVlODJiU3MxQi85RDhjRC94bXZtTG9pRkoyOUhuSXVlSXA1RFhMaGRjUjY1MWNpQXlHNGNLWnJra3V3WUNoUGVYci9CanFoak1yTlNjNmZCb1lZSks5RUNrdVJnUWlaMUtVN2RYRGtCUkZGV0FyTzlOWHh2RlVjTGhaQnJCZXlzNWt0blhIUDJxanFVZmMzMHVvZFMwRTF2K2VMbnpmSjkyTTM4SDNYYzN2MmtEM3llOUNuK1pQOUw1OFBqbzRPeGwrOGllOGZkRDRYOGFtdG9GNEhqOEEwWmRFeUNqcDBWbVNJN2FSOEJtckRNN3UvRWptU1UrS3Z5bldBaStoYnRMeUtHbWVkaWJZUFFwdHJpMEdKbHdqTVhRNndKRnUzWUNVRTVvWDBLRjNQQmJ0bi9JazFRWmdTUEc5c3lmemtaaEdzNGlCWlhzU3pJSXd1ZzJpMWpIOVk1d2llMWNjOFArYlZVUHhybDJQM2FIdzRQblJyMHR5cm0vY2l1WjBZcmszUVdyakhRcEFYSGZxTkZpYTZJU1pXQzlkZHJxMzd1eGxiNTJBZW54RzhoOWV0cGErM0xFaVpHQWVqMy85UkVNWVJrSEtSUmFTQVdtaDJkb1MxYmpLUWlqS2lFRXBBUEZKc2tOYVZHblliVHd3RTlCR3lScUltbHRuUmlnNGg5US9EUkExYURnSDJNWGtVUGQzam1Dc0lheGNvWGhEOTdNK0prZTRnWHpzOXNsMXM5VkpDVTJ4LzBHUkRzR09vNExjMGgyWUswVUxTbWdVaTc1dGRyR1VRQjVDcXBQMFBlZzdPUWFaRHF1c2U3UjIyRUx3cW13aHBKUlV2UUF6U0dvQmRDZm8wMlRCckZ2WkttbmtseFRwMWo4TUVpUjVKWU5rSTJSNjlyNnFSckZJOTMwY0NIcHFBd1RQb1p0RkhiTGZkK0podGFKNlpkMEMzcUx3a09jM2FNZDQxMks0OCtxMmxHWGlJeWRPY0tOSXc4bENoV2xzMnE5dkJjMkNPUWUyY1laTGtEbHFuV1U1UkFQajBiTERSVUE1NGVVWWp0Z0hMY3NZek9LVVMwL2wxM2RFZXNyVWdFWnJxalcySFJrQ3pLNm8yemVpcCs3aEpKVlJRbUllcG1RZlh1NW51UElOVVJyQkN5YlJBeWFYcXZXZnQrYnBqOUpYaU8yTVg1a3JOcW5lSVRqRkdndkg5NzJXQnVaZUlhSVZ4SnFFdFNJUG5uT2MyQVEweWVMb3hDWjdrNUs3akVjbkFjRGFZRmpoTy9venF3ZEZCT25qckkyRGRKNGtCVmxSUU0zM21wc2N0T3VORm1ZTWFvSHFvQWhIcDVodlUyWmYyNndMckxTdFZYM0c5RS9jb1VjR2JwbDIxN093NWE2eWpYWGM2N04rWjdtR3Zic3V2T0ZCeTgvSFVmbm84OTU5SjNkR2RZclNnc1hRVFlMdmQvZ2JHZmhnUw==::" />
			</EquinoxInstance>
		</EquinoxMessage>
	</dummy-message>
	
	
	<dummy-message id="3">
		<EquinoxMessage from="PGZ_SQA.E11.0" via="PGZ_SQA.E11.0" session="1793522380:PGZ_SQA.ES05.Serv.0" timeout="10" ret="0" diag="1:0:0">
			<EquinoxRawData name="HTTP" invoke="1793522380" type="request" method="POST" url="/Resources/v1/Fulfillment/ServiceProvisioning" ctype="text/plain" val="{
		    &quot;requestHeader&quot;: {
		    &quot;publicIdType&quot;: &quot;250520181014&quot;,
		    &quot;publicIdValue&quot;: &quot;250520181014&quot;,
		    &quot;privateIdType&quot;: &quot;250520181014&quot;,
		    &quot;privateIdValue&quot;: &quot;250520181014&quot;,
		    &quot;serviceOrderId&quot;: &quot;R1803271433001&quot;,
		    &quot;serviceGroupId&quot;: &quot;EYE1803271433001&quot;,
		    &quot;customerOrderId&quot;: &quot;EYE_____PARI&quot;,	
		    &quot;offeringId&quot;: &quot;P0123455&quot;,
		    &quot;resourceGroupId&quot;: &quot;EYE_Pari_resourceGroupId&quot;,
		    &quot;reasonDesc&quot;: &quot;&quot;,
		    &quot;serviceOrderType&quot;: &quot;Activate Product&quot;,
		    &quot;channel&quot;: &quot;USSD&quot;,
		    &quot;user&quot;: &quot;SSB-USR&quot;,
		    &quot;referenceId&quot;: &quot;SSB-0001&quot;,
		    &quot;sourceSystem&quot;: &quot;BSS&quot;,
		    &quot;userSys&quot;: &quot;Horizon&quot;,
		    &quot;reTransmit&quot;: &quot;0&quot;
		    },
		    &quot;resourceItemList&quot;: [
		    {
		      &quot;requestType&quot;: &quot;CREATE&quot;,
		      &quot;resourceName&quot;: &quot;notifyME&quot;,
		      &quot;errorFlag&quot;: &quot;0&quot;,
		      &quot;specialErrHandling&quot;: {
		        &quot;suppCode&quot;: [],
		        &quot;taskKeyCondition&quot;: [],
		        &quot;taskDeveloperMessage&quot;: []
		      },
		      &quot;imsi&quot;: &quot;520035033100000&quot;,
		      &quot;mobileNo&quot;: &quot;0932080437&quot;,
		      &quot;resourceItemId&quot;: &quot;5b5e4f53-2d62-4bc0-b9a5-3020e4863f0e&quot;
		    }
		  ]
		}" to="PGZ_SQA.ES00" orig="PGZ_SQA.ES05.Serv.0" ret="0" />
			<EquinoxInstance>
				<value val="" />
			</EquinoxInstance>
		</EquinoxMessage>
	</dummy-message>
	
    <dummy-message id="4">
        <EquinoxMessage from="PGZ_SQA.E11.0" via="PGZ_SQA.E11.0" session="1793522380:PGZ_SQA.ES05.Serv.0" timeout="10" ret="0" diag="2:1:0">
			<EquinoxRawData to="PGZ_SQA.ES00.0" name="HTTP" type="response" ctype="text/plain" invoke="1793522380.00000.ResourceOrder.W_SDF_GETRESOURCEINFRANODE.01RESOURCEORDER" ecode="200" method="GET" url="/v1/resource/resourceSpecification/neId/AISNTFME.json" val="{
		  &quot;resultCode&quot;: &quot;20000&quot;,
		  &quot;resultDescription&quot;: &quot;Success&quot;,
		  &quot;cadResourceInfraInventory&quot;: [
			{ 
			  &quot;neType&quot;: &quot;HLR&quot;,     
			  &quot;neId&quot;: &quot;AISHLR1&quot;,
			  &quot;userName&quot;: &quot;PGZ&quot;,
			  &quot;password&quot;: &quot;PGZ123&quot;,
			  &quot;quotaPlan&quot;: &quot;500000&quot;,
			  &quot;alertRatio&quot;: &quot;10000&quot;,
			  &quot;neState&quot;: &quot;Active&quot;,
			  &quot;quotaAvailability&quot;: &quot;10000&quot;
			},
			{  
			  &quot;neType&quot;: &quot;HLR&quot;,     
			  &quot;neId&quot;: &quot;AISHLR2&quot;,
			  &quot;userName&quot;: &quot;PGZ&quot;,
			  &quot;password&quot;: &quot;PGZ123&quot;,
			  &quot;quotaPlan&quot;: &quot;500000&quot;,
			  &quot;alertRatio&quot;: &quot;10000&quot;,
			  &quot;neState&quot;: &quot;Active&quot;,
			  &quot;quotaAvailability&quot;: &quot;10000&quot;
			},
			{
			  &quot;neType&quot;: &quot;CBS&quot;,    
			  &quot;neId&quot;: &quot;AISCBS1&quot;,
			  &quot;userName&quot;: &quot;PGZTEST1&quot;,
			  &quot;password&quot;: &quot;SG7OKIZrz/sGNfTW/61JZ3aqdrN9Z2uJVodaH5yHA7A=&quot;,
			  &quot;quotaPlan&quot;: &quot;500000&quot;,
			  &quot;alertRatio&quot;: &quot;10000&quot;,
			  &quot;neState&quot;: &quot;Active&quot;,
			  &quot;quotaAvailability&quot;: &quot;0&quot;
			},
			{
			  &quot;neType&quot;: &quot;USMP&quot;,    
			  &quot;neId&quot;: &quot;AISUSMP1&quot;,
			  &quot;userName&quot;: &quot;PGZ&quot;,
			  &quot;password&quot;: &quot;PGZ123&quot;,
			  &quot;quotaPlan&quot;: &quot;500000&quot;,
			  &quot;alertRatio&quot;: &quot;10000&quot;,
			  &quot;neState&quot;: &quot;active&quot;,
			  &quot;quotaAvailability&quot;: &quot;10000&quot;
			},
			{  
			  &quot;neType&quot;: &quot;NOTIFYME&quot;,     
			  &quot;neId&quot;: &quot;AISNTFME&quot;,
			  &quot;userName&quot;: &quot;PGZ&quot;,
			  &quot;password&quot;: &quot;PGZ123&quot;,
			  &quot;quotaPlan&quot;: &quot;500000&quot;,
			  &quot;alertRatio&quot;: &quot;10000&quot;,
			  &quot;neState&quot;: &quot;Active&quot;,
			  &quot;quotaAvailability&quot;: &quot;10000&quot;
			}
		  ]
		}" charset="" desc="host=; port=17101; via=auto; session=1540143595" orig="PGZ_SQA.ES04.SDF_INFRANODE.0" ret="0" />
			<EquinoxInstance>
				<value val="1::W_SDF_GETRESOURCEINFRANODE::false::ZUp6ZFdXdHYyem9TL1N1R3ZtN2kwcktkMXpmZldHbU1XenUra3JQQjNpWXdGSWx1aU1xU0trcEpzNEgvK3c1ZklpbExTWHJieFQ0S0JLaUdRM280UEhObWhueHh0aUZKZytvK3dKU1NMUFdyTkNYcGwwWG1uTGtIZkd4RnRqZ293MjArUzZOc0MyUE9tZU9pd1FrNmN0M2VBSjJOME5ud3REODZQdjRiT2tiSWFVeTZxc3BXL2JFN01QWFBzeW90YjBJQ3lnTkRzaXl5Q095cWhXelpqSzg0VURNdlErb1ZSVlk0WjVzd29WZ0laL1JURm4xMXpzcWlxaVVYSkNYMDRTTEpuaXhWSDlPc0tpSjhWY1M0bUtXVTdkeEJ5UGVDcTJ2LzNMdnlwNTR2ZndxOEJBcGxtRWJZT1h2WlV3SVIxUm9kNjNBTlVocE9mY3VkY3NaVlFaam5seC8vWEFkL1RQcGVnTWI5QUJlUGZVTm5sajVtWHpIenp2SHBjT3k2d3hOajhOci9CQ01mMUg3cGg4ZkJoNHNxMlpBazJlSzAvTUFXSXhFR2x6OFNoZ1IyMHZWazd4RlVZUHJpYXVGcDZmazJCcG5sUVQwNHgrVkR4c2FYVjhFS3hGV1JnR1lPZjFYQ2xycGUvTDY0dWxtb0NjeHlObTc5Q0FlQmo4dmllUUhiUWcxWkVHOXFZVlVVWUNHNHRHVDduMDAvZWVzVzE1OW5hVmxraVZJTHBoZnJqOTVLS2M0V0YvNWtjVFdWUDc3QTM4djNhYjVQUzUzT1orTjQrdTdSNmRGUjMzSmgvMmJkdFZDL0NhZzd2cklNaTBsUmhNOXMvUWFlUml6Y1hJR25PMjF3cmQ1cHRsRDJwdjQ4aEhONTJRa2ZxazhUWmZCVjRDZ3I0dFZ6emp3Qk95N2ZndmpKaVlLNG1Mb0l0M0lxRlZ3MGkrVm5kZCtRWkJBTUpLVUNzWG9lNFI1ZWhod0xwa2dDaS8rVUhOZ3FlTUwvZ2RlMllWcC9BTDRBeU1aMFpSWC9PVUVVOGI1TWI3M0EzeXBNT1hncXFrUTB6OEJpV3hZbTdPaWtRZGs5U1FSdHNCL2VVbExQNU5qUTI4UkZNUWQvaEYvazkxTW9DRVg2UGFSZmxYa0ZEN2J6TE1iYUNxMVpXTlFYMjhLUFJWYmxTaGhWdE15MnVMQTBMYUhhL0c3SHVESVBPR3k2UU5KNTBqRjRqYVJoQ2FLZy9YQzFtUkVtanpoV3hLVFBvaVlZRTRPZGFRZ2hCVUlicnlCSWpmaS9UcittMlZQNmc3aXhrUGdqOEhubFhMUkR1Z0JqQWlDdEhVWU40R0dXTUtlWVJyWm56U2o1S1JDSVg2UEtrZnhEbklCS1g3VFlSUDFMLzg4ZW5PTmpqMldJbnFLZk5XZTJIcTBpbHZwQjRadGF3dnVPRlhnQlpiK09SUDhiY2FuTG8xZHgrVXJHK1hWQTljRzZvWHM4R0EySENBM2FZVHVKU3ZJSU52V2dmb2lycUd5RjhYUTVXWGlUMlFRaDkrT2gydlFBamREd0ZJbVYvdzlSUHBrRmNFbzlpdE80QjBmVjZ3Ym1XNWpmNmZybi9JRWtNUytMV1dGQi94NG1KSzdMV2wwUjdHUExyQVc0cG0rbUNCZU9vUzRaQVNOcG1EUkd3RFEvZkpxR1pRakNseDc3ZDZ2eTNTVU93VDIzemxsUERlVFZmVUtpR2E4S21QeldjY2RvekV3YW9NSG8xamxvNk1FK3F0Y1ZDNDZ5ZDZ5b0ZOOWMwb2E3MExRUnY2Y3JBU04wdlg5NEhkb05LTlhxYS9adk9mRm5TaFhFMldhREN5aTVsZG9TRGR6aGFEeldxelhRcWxlRDRDWHJ2VkU5TGFSWnlzSkF6R2pmdUhabk01Q043VHlFYVlvVG9YWU5vTlpERlJYbmZ1c0V3VytIMTRGdi9qNXNERU5EcEV4bUdzajJLcmM4ZUtZbDNncWQzNExBWGh3R3hjZ2xsSDcvekZKei9WVVJwblJMU3FHQWJoMCtzbXY2YlFhcmZ5S1VxMzNtWXdLbEJvQzFGODU5YjdMeTZ2TXhsbUhNSkhUU3JDU2I1N21seFRubklnbS8xTWJvTVpyamlJUUpkS3VYd01VSkhMWU9GYWxSNVRtTE4yN2kzWUV4d3RqdWQvd00vVXRNV0JacTE1amlSNXhrT1ZibG9kQ1NLanR0Q1dOUllTREVBeHFPMFhBNFlQRnRtYXVJVis3a2RPaWlFelFhSHJjNWhmbFduZS80Zm94SG0vSHcwSTJQM01QUmZZUU83MC9EOGVFUXVRaVBUbzZHRzRUVkdjSGZYVytuSytaM1pnbkdnZ21CaEFYUWgrUGd5ZXpGS1FVdlIyVS8zUFMzd2dOOUlpOHQrcmxTN2ZOSmE5RWlObHJYbVBQYWk4VmJqUHdNNGdBdGk2MWFoazJPZW1XNFkvcmI2VmR6QmNzMWtpajBUSjNPbXRUVW12TzZLRVEwS0pJN09zdlZscnd2ZVlKVnpVQVNyUE9udk5xUTFNRFhyVGxCeXRYQkdrd0FJMEFEY2pxSTRGc0dQMTlCUlQyN1pXbE4yeWJSZHFmd0pqdXdmdmlsU1FnR0grd1JnY1VETmdHSStPOEkvQmNyM0NHV1c0TzhscmVFOXVlNzNVRWR5MjJoYk1Wd0k0UmJZdmU5b2J0ajl3S0UrckxTcmNzT1FoZFpPU2RRT0xNN3dscG8xaWF5aExIQ2pvOERncXlXdG83d3k1QSt6TVBjQ3ZRM0Ftd1BHNjJvZWozRTM0WlRFK1J2a0VKWHpIYUh3cnRpclMwMjNra3d2NDRtV3VLN216ZmFLSTJqUXNTQ2pFRkFtUGM5SndWdnVhRGF4R3VybTVCMTdTRTZPcFNWN1JpNnBycXFsYzNSRWtwdWNZc3B1ekxWbkxFRjV5UkphR3Z2WlYxTXlSaEpOMFc0QVBNa0hNVmwyRGJNRjVqRU42UjhVSGQ3TDcreUxYV2dkVmlzTHVhZVk0Y05qMWgyVTEzZjRLRkJ2ZHpLbTh0N08rdUg5NjdKSVZyeENvaWxGckFtNm84cUs4UEpWdHl3ZnF0SXdiZFVtM0dHd0pBOG82VnhFNjZ2Qm45WjI2amlGbnB5ZFhIRm1tRFdhS0UrRWgrODBlSmZ4azdaYWZqUTlzQ2hLOWVrVlpMYzhhUEtRZXJMVzdqNi9KaHdtV1dKOEFRVHB2aHA3U2tTMTJRRWxzQ1NBcG1NajJ1UzFpSzJlSzBEY1YxamdxOEtMdHNTZnFrdzVlZ1Uwdk5zbXllNHRLVHNmaGFIUmZRQXVVQXNsb3RuRU5oelhwV1NKK1ZNckI0NXJQaFlLUSs1NHdObkF4dXBCYnBGTk5IRTJtc2tPMmFWbzR4WGt1L21GVHpEaVk1UzFtdkMzdmtDWUhzRGlHMVBJcmJHejcrSTJFOFM3M2dDc1NlODlyS2hNdnQ2c0s0TFQrdHBRNzloL01kZU43UVhHNDhiTjVQWnl0bDd5TkJTSlRGTjFHZHF2eWkwdkJxOC9qYlF1QVhldjdsQVhUY1hQM01mMFdna25IMGEvUEZpdzZnRVFWdlVnZnNYVlFvcDZ0cEprZ2UzZmEvNkUyRWg4cDJtRDdQeTA5Sm0zU2ZLUG5VUDFxajU3T3N5WGU4MTZsenVuUGZVZWkySjJiVGNqQThWSWV5YU1TeXo0bGw2WU80MGFHV1pRWm4wTERDaGpQS3JwRTc4dTVia0JRVGl0RDJtL25oNmZpT1IvcVhFMlprUWpjUzBoNUsvbk5EK3Q1T1o2WUk2bG1LOGtTVUxJMWREdmRZK0VMb0h6cy9rUXZUdlRJVzZTR29teGQzdVg3aXNmVWM9::" />
			</EquinoxInstance>
		</EquinoxMessage>
    </dummy-message>

    <dummy-message id="5">
        <EquinoxMessage from="PGZ_SQA.E11.0" via="PGZ_SQA.E11.0" session="1793522380:PGZ_SQA.ES05.Serv.0" timeout="10" ret="0" diag="3:2:0">
			<EquinoxRawData to="PGZ_SQA.ES00.0" name="HTTP" type="response" ctype="text/xml" invoke="1793522380.00000.notifyME_1_001.W_notifyME_1_1_001.02RESOURCEITEM.Task1" ecode="200" method="POST" url="/servlet/ntfme?cmd=addmsisdn&amp;msisdn=66932080437" orig="PGZ_SQA.ES04.AISNTFME.0" ret="0">
				<addmsisdn>
					<errorcode>50000</errorcode>
					<errdesc>Operation Completed</errdesc>
				</addmsisdn>
			</EquinoxRawData>
			<EquinoxInstance>
				<value val="1::W_notifyME_1_1_001::false::ZUp6VkdtbFQyMGoycjdqMGFiY1dITW0yRFBqTGxnZEU4RTU4akd3Mk94TlRMaUcxZ3lxeVpIU1FzSlQvKzc2K3UzWFlEckJUdTVtUVFxOWZkNzkrOXpFdnhzWUw0M2x4UDBkWkZpYXhXOFJ4R0grZEpNYWdjMExXRnVFR3pYTnZzeDNGZnJLQk5XTmdkRXpyM094M09pM0xIUFR3MzNhdjMvdWJlV2FhUm1uVHRNaXIrTjJMdHQyeFZQekxwSWp6ejE0SXlKWUNtYVdKRDNRSklENDJvU2ZhYk9lTmx6bHBtcVRHWU8xRkdhTEFVZllwOGI4Wmd6d3RCT1E2ak1QczRUcEt2bXVvTHNxU0l2WFJOQTFRT29vei9ITERORjFuUHIxMUw1MnBlK1c0N0NyZ0VpRGtYdXdqWS9CU1FRSlFKakVhemlFWVlhNHd0Wlk5dmJNenpoN1k0Zm5mWFBSNDVlVklRYmJNSHZ5bllBMEoxdVdWV3lzZ3U5dFhjREVOMHpURXNweDkvR00xLzIzWWR1YW0zWjZqOUttdDRJemlwK1FidnRVNnUramFuVTczWEZtOGRUL0J5Z2ZPd2V6RGsvWGh1b2pXWVJSdFVKeC93SWVGUGdJaFBvVll0N0R1aU0zT0U2REE5c2wwNGtqbzVTWUFtQ1lUdVRoRytVT0MxMmZUK1FMQVJSb0I1aForaWdnZmRUdjVkVEw5UE9FYk1PVjRYYnVFcUpXTDh2UjVBczh5UzdCNXNCYkFJazJCUWhBUzRmcjg2bnIxMFZsd2NZNG0xKzV3TXIwU3A4WjVta1FjK2ZOd3RGaTV6bXpxTHVqNkJQM0lHeGY1Z2txM01maHlSejZaeGcvVDFIc1dRTEpEQnpsWDd0aURwNzdzS0VIOFV4VWNmS1hJVDlKZzhieGxGK2FIOVBEOG5Hc04zVHJ4TnB4VzZqQkdnU0M5QkVsQXY4STRvMG9nOTRYa2dUT1BzRmNGTVZtUnE5akNoa3NjZmdmbnMvRmk4UUVpQTkxUXRuT3F5SFhVbW9NcVRENDlSWThGeW9oWWlveURzbTBDRk9zd0w4SkNZQVFsOTJGRWJSdGZ2TWxDc1pOb3JId21TdE14OE1QN3lyNi9lOVRxR2QrOTdCc25MeVg2ZTVrRVNGSWhNVlBOUHdVNjhHT2FGRnNPOUlzc1R6WW8xVEExSUgvOGJvY2QyblpPMUtaSlNkaFRuTW5WcXVMRUZFSExyWU42VHhJQWs4UFl5MkhEWE5PRkcvY1BJYnpTVVZUZFVQaUVBdTRuVENsSVlmQWQwMlNxU2VYR3VIWnhmcWFxZGxNSVVuenNYalBRbzF1c21QSnQvQzFPdnNjL3FhaFM5WFduK2hPYVcxYUpxOWx3NGd4SFE5UHNmRHhWQTBUM0FqaGsxU3Fvb3NybVJiZGpucHU5N3BsVWFodVkyN1hOYnRjeUdaZUZ6bGFqV2t3RlNDV2FjZXZKQ3A5RWIySU1TWHFGTWgrZ1MyTk80VXRERWIvdXFJL1ViK2QzWjRYL3pJYnVxRW5YS1QwWkVTeFgwQ3hkKzIwZ3RwV2hPR2poYU5MaUwxcVJKN1VZNlMwZ2hKOUExYWh5Qk9qcDA0RWpIdmtSemcrdW9nWllvSlIrdTlPLzZQZmJXdGhyZjE0MXhaeDJUZWFoMmV5K1lQVXVwZ3NYTkpudVc5L3lOc3Z2ZFkreGZDWDVmS1hsNytHd2NBV3cvbzdld0FYS3VwMHpxOWZ0VW91dThRMURQdytmZ01BV3BGeEI0ZWYveTc0Q2MxQlR6RGQ0alZxUGdaMERNRGRjbFpmZTNaTU1SM1A4R3BQNkFoQjdxMW5mai9RczlFanFuNDQrc01iUHZKck9sZk12WjdVWWplWDV0bW1kWXZtdXhuTkMvRzRuaytmTGh6QUtlT1k4eXY3cFJXSEFxeStaeE5ZWUdMYkZqbEtYdUdvdXhJMmNaTVZnTnJFWGxWYmd6YTczSFFvakQ0QXZMZnhueVJPN0crU0I4SmJHb01VWHRzVjlGUG9qa3Y1aStCS3FTTlBHSkZtbTFWc2FKeVU4ZUVheEh6RWw1bmJFaVJ6eDRKRzYzVk5NM2ZRcnVFeXZLUzRvY2dOMlNla0Z1dEI3amdyZ1pMMUdLWlJySEcxbVdwMXV6N2JsYVNXamtxZlZtWnk2emN1U0dOczAzVkgvY01uT3NrZFRudlBneFRHS0tOb3RLTFpjS2pJcWQvQVo4MTlPYitldWVqODhERUY1emtuR0dLYk9WVUw1L0RuTDBZYmkvREtmNjRmRElsMjVnUnJuMzBtc25yOUl2VGpiaERsRk1KY0dXZG1WK1RhQzB6K0ZHVUg3UXRhb2xpb0tMTGx3NlRyRGhTUGtveHlEWFRURmlaTThYRCtQTlN6aVFLOGo3NnNnUnE1bFcrU0hYdVNrNlEyRXB3aUVMVTJGWVJUYkxiWTNRdUxkaWJLQ3ZmdXY2Qm1xM2lERXlVRTl4aFY2UWxHeVJid09vbGdNWlNjcHdVR0VFbGlLSXlxNVBBS3hsNGdnVk1jVXpGc3VYL3ZlUnIyMTNUM3RCUDNPYWUvZU4wL3ZMeno3dEd0MlROUTc3M2ZYSnVJeWdwKzcxazZXaGtlR1Mrd0VveEJpT0tnK2lJUEU5eGNqcDFIRHo5dmV1cjJoSEdpSHJJWFczbkxVTnRtMEdsMTljbGJsdGtkQS9OcUw1cmRJNjBzNkRzRFN2RlhOc3VxajlpdzNiRCtjaDBoZmdlTU5jeFJ5cHhhUXkzdC9LbXBMMzlGWUhOVWtRTXhQNEdvTm5BVHVHbVVrQVdPdWdad3JmQUtEYzhFcW5nQld3QTJ3N1FEQzFRNDFmbklDdDNxV3JyNDJ3U2g3QjJQd3hYZ3BPd1RGSDFRY2dlWUhkQWRBN2IvQjhGODBjd2RicmpWeUFhOHg3UzkzdXhOaHkzV21yTmx3eVlScmJQZFkwOTBaZDVBUFppNHJHa1J2Tjh3bVNUNE9vZHJCSFdzQlpLa0orV1laakdaMlpCMDBTT3ZkQ0F1LzhiS0hzYmZWRFAyQWdWVjBvMWFyOXB2NFlYVXFLL2tCcDlCa3M4Mm1jSlN0MWRuR2tRN20vZHhFalgwMys0MDZsMGEwZ3RvQ3MwSFJZcTFOVDUwZjJ6QWxSVEx1MEsrMGlvdWx2S2RtLzVRbHZUWVVvQ0xoWmRYa0tNWk0vSnJTc2dmWHRLSURhY21DbU5mRitKWnhHRVZaZlZkTDdkZ3ltNHJYcVRjQm9wbjZZcTJGV21DeXVCNDcrSGRXa1FrUXJ0RjRvVXVrakFEMFdDUzVONHM4cUg1c1l0SU1OSHp5d3NnRHd3N3paMk5nMFJVdlFtbnVZcDR3RU9zNFRsQVlmQTd6Qjk3a2ZublBKb2g4Z0c3WHhLWGd3UTd2bUJ1bUpZNWJPR1BqcnVvR0tsTWxjQ2RvQVo1UEFERFRmaU1NMk5EeHdXTVJwa2huclFtRWJKTXNWd1pIc2tuL2JnVStkeXpJRnkxazNOWEFkYXJaTnVrSEtUSEpsL0pTTEEwWDZqSndCSncxY1JGRmQwUlVXNEM2ckx0Q0tXYkFXWkpFbEJNWUdLUHZLNGRIR2VrdGdSSTRrcG9PRGhnaWlrZ1FQbHpnZ09NUk9rRk9CWlp0UXRLcW9tTXZDcjFNTnRzSTVSb1V6ME9RbC9vUEVLejRZWlJzNmNNaHZKRVpXcmI5UjBZaTJSSkF5Mlc1TzRKQkEvelBnYVFQbzV5byszbWR3L2MzRmtKOFk3a1lVemVLZWt5NWhYa2RnVWQ4VDRVTXFpcFUzQkxWTGgxRXFpKyt5cnNxSENVb1IzYU9pSDkyT053Uy91SlpveXk4bDdHYWZtc0Y1aUZPd3EzeGErcEp1dXVZbWxhY3ozbElxMitlbFZSSjV3eGtWWHJwQ0ZtN2lvWVVXNit3amxXNHkzaEg0aUFaWmNQQjJ5Sm5HRXlkRVcrVjFKRmhERHIyaWJFRzZ4SUE1b0ZLTGc1MzUweldOT09ablRMcC9xRU9QYkh6MG1JYk5taHlBQmhVeVR2V2piVjFqRmRPdFpVWnRENEVQbUxvckcvWU4wdm0rZkRLV29seVRSc215Nm54bnpsUHBnVmZoWXVsUWJKQ3ZFSytPazJ1eDlpL0trYk1hdlMxZXhmbVdWdm5Gb1RmOGdsdFhmWnRyRGlXVVR1cjFoWEFHcGgyMno3dlVnV29tV05YaWQwLzJXNmVZYjd0TGVWaFNtbG9zbThzb3M5RWFrWVpOWk9NZy9NSy9QOXVjTGFWNXhXbHFVU051RjgzbUh6ak9QTFFETUZRUitmcUtEd1duTXVVRWJ3NkJ6aXkrVjliTkIzVDJOL2ZreWQ1bmV6S1Q2YUwwZlh2NHdNOStMcE91YVYzeXFWSGIyaVY2OWJ6NWxaNXFjY2xEbnhMSGF3MEtRQ2J0aWlxaXNCVmxJdVZwWTJFOWtwamdzWWVXb3JKeEZGdFNraG91U1ZCT3hMTkU2cW1rWmJlaU1CYmoyaEQxTlNNS3VXMWhnbHY5UElrZldZY0dCdWwyRDFMb0lKL3BvNk9FK1VXa2FoSmQzZFluV2xRZ1p2OHhwdVlZS1FrLys1dmdtVUJEQW04SUFEK1pFR01QenQ5K1hzMzZQZFZycFRWQTlLQjJ1RWVpVTdsYXZML29BNDlVREVlVXlFUzRVa21jMEg4eGZwcmEwUGJVQzBoODBxMkRCZTIvY2lEL0hETlFzclNhSVZ4cXhLeThoKzQ2SlBWS0UwY0c0dE1wZGlyMk4rcmk4VGpDMFJEaE5TcWJQZWJoL0QvYXhBcnduMmQ3RS9oN2U2L1U5TnlScnhibGxKZkpJdHJTazBuOHRjK3QybjRPTGFVVnBWRitQTUFyVmxpaHJOb0JWMWduMURja3pjVlBlYlJOWS8xOHpXUFZNTnk5YlBiL1FmMTVRK0E=::" />
			</EquinoxInstance>
		</EquinoxMessage>
    </dummy-message>
	
	<dummy-message id="6">
        <EquinoxMessage from="PGZ_SQA.E11.0" via="PGZ_SQA.E11.0" session="1793522380:PGZ_SQA.ES05.Serv.0" timeout="10" ret="4" diag="4:3:0">
			<EquinoxRawData to="PGZ_SQA.ES00.0" name="HTTP" type="response" ctype="text/xml" invoke="1793522380.00000.notifyME_1_001.W_SleepForRetry.02RESOURCEITEM.1793522380:PGZ_SQA.ES05.Serv.0" ecode="200" method="POST" url="/servlet/ntfme?cmd=addmsisdn&amp;msisdn=66932080437" orig="PGZ_SQA.ES04.AISNTFME.0" ret="4">
				<addmsisdn>
					<errorcode>50000</errorcode>
					<errdesc>Operation Completed</errdesc>
				</addmsisdn>
			</EquinoxRawData>
			<EquinoxInstance>
				<value val="1::W_notifyME_1_1_001::false::ZUp6ZEcydFQyOHIxcjNqMHFaMkNJOW1XQVgvcCtJSUk3bzBOVnpaTjc0MFpqNURXUVJOWmN2U0FVTWIvdldmZnU5TDZFYUNkdGlUT29MTm5WMmZQKytHOFdLc2dUcWZWL1JRVlJaeWxmcFdtY2ZwMWtsbUR6aEZabThVck5DMkQxWHFVaHRrSzFxeUIxYkdkVTd2ZjZiUWNlOUNEdjA3YnNVLytZcC9ZdGxYYmRGMlZUZnp1V2R2dE9DcitlVmFsNWVjZ0JtUkhnZHprV1FoMENTQStOcU1udW16blZWQjRlWjdsMW1BWkpBV2l3Rkh4S1F1L1dZTXlyd1RrTWs3ajR1RXl5WjQwVkI4VldaV0g2RHFQVUQ1S0MzeHp5N1o5YjNwOTY1OTcxLzZGNTdOWEFaY0FvUXpTRUZtRGx3WVNnQXFKc2VVY2doR1hDbE9ON09tZENIYkNqaUQ4NXFQdkYwR0pGR1RIN3NFZkJXdElzTTR2ZklPQTdMYmI3U3U0bUliclBNYXl2UG40eDJMNjI3RHRUVzIzUFVYNVkxdkJHYVdQMlRmOFZ1ZmtyT3QyT3QxVFpmSFcvd1FySHpnSGl3K1B6b2ZMS2xuR1NiSkNhZmtCSHhhSENJVDRHR1Bkd3Jvak5udVBnQUxiSjljVFQwTFBWeEhBTkpuSXhURXFIeks4Zm5NOW5RRzR5aFBBWE1PblN2QlJ0NU5mSjllZkozd0RwaHl2YXk4aGF1V2pNbitld0xYc0dtd2FMUVd3eW5PZ0VJUkV1RDY5dUZ4ODlHWmNuS1BKcFQrY1hGK0lVOU15enhLTy9IazRtaTE4NytiYW45SDFDZnBSYmwza0N5cmQxdURMSFhsa0dqL004K0JaQU1rT0hlUmQrT01BcnZxeW9RVHhSMVZ3OEpTak1NdWoyZk9hdmJEY3A0ZW5wMXhyNk5aSnNPSzBVb2N4aWdUcE5VZ0craFduQlZVQ3VTOG1GN3dKQ0h0VkVKTVZlUlZiV0hHSncrL2dmRlpCS2g1QVpLQWJ5blpPRlhrZHRlYW9DWk5YejlIM0NoVkVMRlhCUWNVNkE0cDFXSkJnSVRDQ3N2czRvYmFOWDd3cVlyR1RhS3k4SnNyek1mQWorTXFlbndKcTlZenZRZkdOazVjVC9UM1BJaVNwa0ppNTVwOGlIZmd4ejZvMUI0WlZVV1lybEd1WUdwQmZmclBCRG0wOUpXcXpUVW5ZVmJ6SnhhTGh4QlJCeTYwRHN5ZUpnTWx4R3BTd1lhcnB3cFgvaHhCZTdTaXFiaWgrUkJIM0U3WVVwREQ0am0wejFhUnlZMXc3T3oxUlZYdGJDRko4N0U0ekFPZlo2L2M0YXFxWThtMzZMYzJlMHA5VVZLbjZ1bFA5Q2MydHE4VEZ6WERpRFVkRDIrNThQRllEUlBjTU9PUVlGVlJSWmZ1czI3RlA3VjczUkNxMUM4enR1bmEzNjlpTXkwSm5tMUV0cFFLa0VpMjQ5UlJWU0tJM01ZWXN2MEJGQ05DNU5hWHd1YVdJWDNmVUIrcTM5N3Uzd0Q4M1EzKzBUZGNwUFFVUkxGZlFJbCtHYlNDMlZhQTBhdUZvMHVJM1dwQXJ0UmpwTFNDRW4wRFZxSEVFNk9uam5pTys4eU84SDF4RkxiQkFLZjEycDMvVzc3ZTFzTmYrdk5nV2M5cUd6RU96MlYzQjZsMU1GMTZ3elhUZmVwZTNXWDZ2ZTRqbEs4bm5LeTEvQjRlRks0RDFkL1FHUGxEVzdadzR2VzZYV3JUQk53ekRNbjRFQWx1UWNrVlZXUDQzK3dyTVFVMHgzK0ExakI0RE93ZGdicnlvTDcyN0p4bU9wdmcyTnZVRklQYldkbjAvMExQUUk2bC9PdmhBZzU5NU5aMEw3eC9lWWpZYXkvTmQyem5HOGwyTXA0VDR6VVlteitjUGNSTHh6SGxVL0QxSTRvaFhYektKTlJnWXRzV09VcGY0YWk3RWpaeGt4V0EyYVpEVVZ1RE9mdkFFaFZFQXdKY1cvcG56eE80S0JTQzh1VFZvOFlWMWRaL0U0WWlrdnhnK2h5clNkakZKanUzMDV0WlJEUSt1VWUxR3pJbTVIWEFpUjl4N3BHNzNGRk0zL1FZdTAydUtDNHE4QmJ1bTlBSmQ2RDFIQlhDMlhLSWN5aldPZG1NN25XN1BkZVZwTmFPU3A1bE1UdDBXRkZtS2JacnVNRjljc3JQdTBaVHJQQVJwaWhLS2RndUtMWmVxZ3NvZGZNYjBsK1BicWErK0h5NkdvRHpuSkdNTVcrY3FvWHo2WEpSb1JYRittVTcxdzJHUnJseEJqZlBQTEZYUG4rVkJXcXppa2lMWWM0dXNiT3A4RzhIcG4rS0NvSDBoYTFSTEZRV1dYRGozdmVITUUvSlJqc0V1bXVLa1dSa3ZuOGNhRm5HZ2wwbndWUkFqMTRvMUN1TWc4Zkw4Q3NKVEFzS1dwc0l3cXZVYTJ4c2g4ZTVJV2NIZS9WZjBERlZ2Rk9Qa3dJeHhnUjVSa3EwUnI0TW9Ga1BaU0Vwd0VLRUUxdUtJU2k2UFFPd21JZ2labUlKNXkrWHIzcnVvdDNTN3g1Mm8zem51M1lmMjhmMVo0QjUzN1k2TmVxZjk3dEpHWEVid3VXdHRaR2w0WUxqRVRqQ0pJWWFENm9NNFNIeC9zVW9hTmNLeUhTemJLOHFCZHN4YWFPMDFSMjJUVFl2UnhTZHZVVzk3Uk1TdnZXaCtpN1MrcE9NQUxNMWJHWlpWSDdWamVjdjIvWG1JOUJVNDNqQkhJWGRxQWJtKzk2ZWl0dlFkVzRzalF3TEUvQVN1MXNCSjRLNVJRUkl3NWhySXVjSW5NRGdYck9JSllBWGNBTnNPSUZ6dFVPTW5KM0NyWitucWF4T011bmV3Qmwrc2w3cERVUHhCd3hGb2ZrQjNBTlQrdHhqK2kyYnVZTXRHSXhkd2cybC91ZHNjQ1ZzMm1iSm13elVUTnRqdW9hYTdzZTRnSHl4OFZqU0kzbTVjVExKeUhFTzFnenZXQXNoU0UvTE1NaGpON01nNmFKRFd1eEVXZmhVVUQrTmdyUm42SGdOcjZJWlJxM2FiK0g1MXFpdjVIcWV3eldhM204SkJ0bWF5alFNZHpQdTVDWU45Yi9jYkpwZEd0SUxhQXJOQjBXSTFwcWZlajNXY2t5SVpkK2dYV3NYRlV0NWp1My9Na2w0WENsQ1I4TEpxY3BSaUpuN05hZG1EYTFyUmdYUmtRY3pyWXZ5V2Nad2toYm1ycFhac21VMmx5enlZQU5GTWZiSFdRaTB3bVYyT1BmdzdxOGdFQ05kb3ZOQWxVa1lBK2w1bFpYQ1RCRkQ5dU1Ta0dXajRHTVJKQUlZZGw4L1d3S0VyUVlMeTBzYzhZU0RXY1p5Z09Qb2Nsdys4eWYzeW5rMFFlUUhkcm9sTHdZTWQzakczYkVjY04vUEcxbDNURFRTbVN1Qk8wQXc4bndCZ3B2MUdHTENpNDRQdlZad2puYlUyRUxMT2lsSVpITWttL2JzVitOeXhvRkMwa0hGWEE5ZXBkdHVtRDZURUpFL0tUYkUwZktqTHdCRncxcVJWa3R3UlVhMEI2clB1Q3FXWUFXK3lMS0djd01BVVBTMDhIbVdrdHdSSzRFaHFPamhnaUNnaVFmaHdnUU9PUitnRU9SVll0b3BKcTRxT3ZTajBQRnV0RTFScVVEd1BRVUVlUGtDdzRvZFJzcVVQaC9CR1ptakYrbThGaVdSekFNM245ZTRJQmczd1AzdVNQb3h5cE83bmRRN2Z2N1VRNGh2cnhaaTZVZFJqeWx1WTF4RjR4UGMweUtDcVFzVXRVZDNhUWFUNjRxdThxOEpSb25wazU0ajRzOEhobHZBWHp4cGw0VDFQMWZSYkt6RDNjUkxlbXI2bW5xUzdEcWxweGZtY2g3VDY1bGxKazNUT1FGYWwxNDZRdGF0b1NMSDFCdXRZaFR0UE55UU9rbEUySEx5dVNvYkIxQm54Vm9tSkRHdlFjWStzSlZpWEFEQVBWSE54dUR0bnM2WVp6K3lVU2ZjUGRlaUpuWmNXMjdCQmt3UEFvR3JlMFRUVzFqRmVPZFZXWnRENkVQaUFvYk8rWWRjc21lZkRDMmNoeWpWdG1DeW54bStmSnpzSHo1TVZzaFRDYW5Oa001STZURFpqN0Y0VkUyWXQrSjUxM05PMnppeUl2dlVUMnJybzIxaHZITXM0cXRibDd3enNmdHR4V1RQZE1NWnVFcnQ3c0wxOWhObDJlMmYyeVd2dlVwK2xtSGo0TGpPVXlmVnNkUGs3U2JmTWc1UTNYZU93TVlwckhxTzRuZDdlTVFyK1NzbHA5N0F4aXZiMW9IUzMrdjdmalUvNEhkODJSbkdFWEp2WnVoaWRMQ0VWYjh4TnJpRWlFZlZyOFhBVC9YZk9VTWgxNUd5QzI0Y1lRRHhCNGRDNnI2Q2d4MDl3eWYwekZIcWttS0kwamp4b052c1d6MWozSmpYdnNjcy82SDdCWU5BR2U5NXZ0WTUwd25Xci9RbmIvQ25ETkptajJRQ05CcmR2SUdtcDM4TlJ2MWVUQ3M0Vnl2ZDVWT000MEFxTTJuNklodjlibExNNWRuUDBzWnRNRDdmTTNmUlkzSnk3OGFqUW5MdkplS0hNM1dvTmMzSGdXNXBxU3NjVHNHbS9jNmRyUlVvTlNtaHZkRGxwSWt2N09ySUtWVHVjRWxydmI5TDI1blkvdmMyeDYxMU52UFdBbnFhaEFhVlNialJNdUdOUVp2a3o0OERZcWhVQ04xa1NoODgwYmVKRStWVWlHbHliTzZ6T05FT0ZONFZiMzhRRUl5WDUxM0FWelN0Z1NCUkVFZkNuaUZMODJPbkwzN3RSdjY5eXBhNGVVRnRZVzc0ck8ya0V1LytCcHRhZTl0TWg3U1lpUE1sa0xvZy9PWDl1cldoUHV5VmszaWk5NFlYdE1BbWcyRnl5a0RLM1duSGFhb1NzOGdmT2NXUnJpMWFoV3p0V1N1ZW9ZWDg3T2s3Q0ovTU1abmNMeXRoK3NrUTRCYzVFMUhzYkVodXU5cUhxcmpiRzNwVTgwWkJRN1RRMkxkMGk3eXorSTVMYUdOcHQ5anYwMnpnbjNpM3BNVGZ3eEd0cURYRVNrQnpYcGRISTNPYmJ2ZGZwaTcyMVpxQ3FvU0tJUkdqSmFrdmNCMURRQmZZUnhUMTZVOXZHUHJocjR6UzZOdnovTGNpbVRWOXIya2hscmJkdk5wdC9BZC9oZm1vPQ==::" />
			</EquinoxInstance>
		</EquinoxMessage>
    </dummy-message>
    
    <dummy-message id="7">
        <EquinoxMessage from="PGZ_SQA.E11.0" via="PGZ_SQA.E11.0" session="1793522380:PGZ_SQA.ES05.Serv.0" timeout="10" ret="0" diag="5:4:0">
			<EquinoxRawData to="PGZ_SQA.ES00.0" name="HTTP" type="response" ctype="text/xml" invoke="1793522380.00000.notifyME_1_001.W_notifyME_3_1_001.02RESOURCEITEM.Task1-1" ecode="200" method="POST" url="/servlet/ntfme?cmd=addmsisdn&amp;msisdn=66932080437" orig="PGZ_SQA.ES04.AISNTFME.0" ret="0">
				<addmsisdn>
					<errorcode>50000</errorcode>
					<errdesc>Operation Completed</errdesc>
				</addmsisdn>
			</EquinoxRawData>
			<EquinoxInstance>
				<value val="1::W_notifyME_1_1_001::false::ZUp6dFcrdHoyN2dSLzFjMC9OUk9iWVdVUk5uU2w0N09waFAxWXNsSEtVM3ZJbytHSnFHWUU0cFUrTERqZXZTL2QvRUdTT2lSMk8zY2RjNkpNdVppQVFMNytDMTJWM20yMWtHY3pxcTdHU3FLT0V2OUtrM2o5UE1rczRhZEV6STJqOWRvVmdicnpUZ05zeldNV1VPcll6dm5kci9UYVRuMnNBZC9uZmFnUC9pYmZXYmJWbTNTdENxYi9OMUIyKzA0S3Y5RlZxWGx4eUFHWmtlaDNPUlpDUHNTUkx4c1JsZDAyY3gzUWVIbGVaWmJ3MVdRRklnU3g4WDdMUHhpRGN1OEVwU3JPSTJMKzZza2U5UllmVlJrVlI2aWFSNmhmSndXK09TV2JmdmViUHJCdi9DbS9xWG5zMWVCbElDaEROSVFXY1BuQmhPUUNzbXhZeDNDRVplS1VJM2k2WjJkY2ZIQWpDRDg0cU92bDBHSkZHYkg3c0VmaFd0RXVDNHVmWU9DN0xiYjdTdThlQS9UUE1hNnZIbjcyM0wyeTZqdHpXeTNQVVA1UTF2aEdhY1AyUmY4VnVkczBIVTduZTY1TXZqQmZ3OGpiN2dFaXpjUHpwdXJLbG5GU2JKR2Fma0dMeGFIQ0pUNEVHUGJ3cllqSm5zUHdBTFRKOU9KSjZrWDZ3aG9tazdrNERVcTd6TThmak9kellGYzVRbHdidUJUSlhpcEQ1T2ZKOU9QRXo0Qjd4eVBheThoWnVXak1uK2F3TEhzR20wV3JRU3h5blBZSVNpSlNIMTJlYlY4NjgyNU9zZVRLMzgwbVY2S1ZkTXl6eExPL0hFMG5pOTk3MmJxeituNEJIMHJkdzd5QVhYZjF2RFRMWGxrRmovSzgrQkpFTWtNbmVSZCt0Y0JIUFY1U3pmRUgxWEZ3Vk9Pd2l5UDVrOGI5c0x5a0IyZW4zT3JvVk1ud1pydmxRTEdPQkpicjFFeXNLODRMYWdSeUhreE9lQk5RTVNya3BpdXlLdll3SnBySEg0SDhGa0hxWGdBbFlGdEtOUDVyc2pycURkSFRabzhlbzYrVnFnZ2Fxa0tUaW8yR2V4WXB3VUpWZ0xiVUhZWEo5UzM4WXZYUlN4bUVvdVZ4MFI1ZmczeUNENno1OGVBZWoyVGUxQjg0ZHZMaWYxZVpCR1N1NUNjdVlaUGtVNThtMmZWaGhQRHFpaXpOY28xVG8zSUQ3L2RZa0RieklqWjdESVNkaFJ2Y3Jsc2dKaWlhRGwxYUVhU0NJUWNwMEVKRTJhYUxienpmeFBLcXkxRnpRM0ZEeWppT0dGTFJRcUg3OWcyTTAycU55YTF3Zm1aYXRxN1FwQ0NzWHZkQU1DejErOXgxbFJ4NVEvcGx6UjdUTC9UVUtYcDY2RDZIWlpiTjRuTG05SEVHNDFIdHQxNWU2b0dpTzRBSk9RWURWUXhaWHZRN2RqbmRxOTdKbzNhQmVGMlhidmJkV3dtWldHenphaVdVZ1ZTalJiY2U0b3FKTkdiT0VPV1g2SWlCT3JDbWxINndsTFVyd1Axa2ZidC9lb3Q4Yy9OeUIvdnNuVzZuNElvbGh0b2thL0NObXkyVmFBMGF1Rm8wdUluV3BJanRkaldXN0FSdmdJMW84WVNZS2NQQjViNHlwZnd2bkVUdGNBRHBmYmJuZjZnMzI5cllhLzljYmtyNXJRTk53L05aL2NGcTFkeFhYakJMdGQ5NlZsZTV2bTk3akdlcjF3K2Y5RHo5MGhZUUFHTXZ5SWErTEN6YnVmTTZYVzcxS01OMkRBS3kvZ0JOdGlDSzFkVWhlWHZHU3V3QkRYRGZBRnFHQkVEZ3dNSU4xN1doMTRkU1ViakdUNk5UYkVBMU43YWJlOUhJZ3Rka3VMVDBRc2FjT2FIOTduMC91VXQ1K05ydWI1ck82ZFl2OHZyR2RuOGRpc3Z6eGYzY1JMeG0vTzQrR2VReEJIUHZ1UWwxdUJnMkJjN1NsN2lxM2NoN3VUa1ZneHVrd1pKYlFUTzdBZVBrQmdGUUh4dTRaOEZ2OWk5UXdFb2IyRU5XM3hnVTkwbGNUZ20xMTlNWDBBV2FidDRTNDd0OUJiV1NZMFBqbEh0Wjh5SnV4MnhJbWM4dUtUdTk1UlRkLzBHTDdOcnlndUd2SU83WnZTQ1hkZzlad1Z5dGxxaEhOSTF6blpqTzUxdXozWGxhaldua3F1WlhFNmRGaFJaaW4yYXpqQWZYSXF6am1qS2NlNkRORVVKWmZzQWhpMkhxb0xxSFRCajl0UHBoNW12dmg4T2hpQTk1MXZHSExZdVZiTHoyVk5Sb2pYbCtXazIweGVIUVRyeURuS2NmMmVwdXY0OEQ5SmlIWmVVd1Y1WVpHUmJsOXNZVm44ZkY0VHRFeG1qVnFvWXNKVENoZStONXA3UWo3SU1obWpLazJabHZIcTYxcmdJZ0Y0bHdXZXhHVGxXYkZBWUI0bVg1KzhnUENXZ2JPa3FqS1BhYkxDL2tTM2VuaWdqR04xL1JrK1E5VVl4dmh5WU9TN1JBMHF5RGVKNUVPVmlMRnU1RXh4RTZBWnJjVVRkTG85QTdDUWlDSm1FZ21YTDlldmV1YWkzY3J1bm5hamZPZTNkaGZicDNTQndUN3QyeDBhOTgzNTNaU091SS9qY3RyWXlOVHd5WEdJUVRHS0k0V0Q2b0E0UzM1K3Rra2FOc0d3SHEvYWFTcUFkc3hKYWU4TloyMlRTY256NTNsdld5eDRSd2JWbkRiZEk2VXNDQjNCcGFHVVlWakZxei9DTzZZZnZJUklyY0x4aFFDRm5hZ0c1UHZlN29yYkVqcDNKa2VFQ3hIQUNaMnNBRXJocVZKQUxHSU1Hc3E3QUJFYm5pbFdRQUVZQUJ0aDBJT0ZzaHpvL1dZRjdQYnV1L3VnRm80NE8xdkNUOVZ3SEJBVVBHa0NnNFlBT0FOVC9kemorcytidTRNdEdKeGQwZzJ0L3V0MmVDRjgydWJMbXd6VVhOdmp1c2E2N3RXN2hQbGo0TEdrUXRkMjRtR1RsZFF6WkRxNVlDeUs3bXBCbmRvUFIzSTZNZ3dWcHRSdmg0ZStDNHY0NjJHaU9mc0RCR3JaaHRLcjlMbjdZbk9wR2ZnQVVkdm5zYmxjNHl0ZE12bkVrd0x3ZVRCajhlemR1bUNDTldBWDFCZWFEb3NScXZKNTYzelp4VHBKa1hLRmZhaGtYdS9LZTJ2MVRkdWwxSVFFVkYxNldUWTVUTE1UUE9VMTdjRTRyS3BDT1RJaDVYb3pmY2gwblNXR3VhcWtWVytaVDZTb1BKckJwWnI3WWFpRVhtTXl2cmozOE84dklCQW5uYUR6UkpWcEdRUHBhWldWd2t3U1EvYmpFcFJscDlCREVTUUNPSFpkUDF0Q2hJMEdDOHRMSE1tRWtWbkdjb0RqNkdKZjN2TWo5L0pwRkVIa0EzYThKcE9ER0RxK1lXN1lqbHB0NzE5WnRFd1lhWFNXQUV6UUg1Qk1FTExSZmlBRFd0SDN3dFlwenBJdldobzFzc3FKVUdrZXlTUDlxQ1Q0SEZoU0tFakt1YXVBODFXN2I5SUdrbU9SSk9TbldoZzk1R1FBQkYwMWFKY2t0VWRVR3FENnJydEFkTStKTmxpVlVFcGlZb3NlbHg2T01SRXZZQ1N4SlhRY0hEQkZGSkFrdkxuZ0FlSVJOa0ZWQlpPdVlsS3BvMjR0U0w3TDFKa0dsUnNYOUVCVGs0VDBFSzc0WTNiYkVjQWh2cElkV2JQNVJrRWkyQU5KaVVhK09ZTklRLzNQZzBvZFpUdFQ1UE0vaDgzY21RbnhpUFJsVEo0cDhUSGtMUXgzQlI3Q25zUTFxS2xUZGt0V3RMVVN5THo3S3F5cWNKYXBIZHM2SVAxc2Nib2w4Y2E5Ukp0NkxWTDErYXdubUlVbkNXOU1meVNmcHJHTnlXckUrbHlITnZ2bXRwTGwxTGtDV3BkZVdrTG1yS0VpeDhZYm9XSWE3U0xja0RwSldOaXk4cVVyR3djd1o4VktKYVJ2V3NPT2VXQ3Z3TGtGZ0NGU0RPRnlkczFuUmpOL3NsRTczTjdYcGljRkxpMjNZb2NrQzRGQTFkRFMxdFhXT0greHFLejFvdlFsOFJOTlpuN0N2bDh6dncwdG5LZEkxclprc3U4WXY3eWQzanU0bks5dFNObGJySTV1WjFHYXltV1AvcU9nd3E4SDNyT3YybmJZdUxJaSs5UlhhdXVyYjJHNGN5OWlxMXZYdkRPMStlM0RPaXVtR05uWnpzL3NiMjd0Ym1HMjNON0RQZnZRczlWNktTWWF2MGtPWlRPZmpxMS9KZGN2Y1NIblJNWTVybzdqbU5vcmI2UjFzbytDdmxKeDNqMnVqT0czSFBqTzFVUXpDL2I5cm4vQXp2cXlONGdpOU5tL3Jvbld5Z3F0NG8yOHloWWhFeksvRncwMzArK3loa09QSTNnVDNEOUdBZUlURW9YVlhRVUtQbitDUWgzc29kRW5SUldrc2VWUnZkdEJ4ei8vNGFQS2lZN3dJVGM0ZDl6Q2FBRVM0dldQUlJQbXk0WjlvOGllYS9KSFE1RVgzckRxYTFOQmpIejdvdUdCd2FJTS9IK08xNGtwWDk5cnY4TTN2Y2t5VE81b2QwT2h3VFkreWRuK3JULzJXWGlva1Z5amZEbFNkNDBndk1GcjdNUmIrWHpIT1poUGYwWnY0TXRuYzBjWFhiL2JOTGo2UENzMHV2b3dYU2hmZjB0dHZZc0dYbE9pVi9nbHcwKzdKWG1oRlNrV0w3TDNSTTZGcE1hMFN5NXFXMmkrUjFIcTNoRFpMZHVQMExtRFhleVI0NmhFZEVrTTVXOTI1MFRIaGpFR1o1VTlNQXRkV3JheHdreVZ4K0VTVE1MNHB2MHBFdVh4N2k4Mlo1cnZ3cG5Ebm01aGlwQ2IvSHE2alJRVUNpWUlvQXZrVVVZb2ZPMzM1ZXpmcTkxV3AxTTFqbkdMZk5IN3pmdElJZG4rQUV2bUJZdll4eFd1aVBDbGtyb2kvT0g5dHJXbUhyQ1YwM2lqa3dRdmJZUklVeFhURlFzckNhc1ZwcXhHeXltLzRqaU1MNWJTbXRiUCtyZFNoRy82M3AzNHRNSm5mWVBZWHRJM0ZiRXVFVTVCTVJOSGJjTEhoWmgrcWNMVTFWc0xsaW9ZTDFWNW4wNjViNUozRi8wUlRXMFB4bnVQMGk4cjNYQlN2ZHVzeDl3UEVhMnI5TlJLUkJ1Y3VEVWZtcnNIK3VXY2RNYmZXVzFCTlZFU1JDSzFZcVFxWEZSVjJ3WDFDZVUrc2wxU0I3YU9Md0U2akNNei9HNVNzQWZlMUdyQzAxbm8xZUx2OUQ5N3d6TW89::" />
			</EquinoxInstance>
		</EquinoxMessage>
    </dummy-message>
	
	<dummy-message id="8">
		<EquinoxMessage from="PGZ_SQA.E11.0" via="PGZ_SQA.E11.0" session="1793522380:PGZ_SQA.ES05.Serv.0" timeout="10" ret="4" diag="6:5:0">
			<EquinoxRawData to="PGZ_SQA.ES00.0" name="HTTP" type="response" ctype="text/xml" invoke="1793522380.00000.notifyME_1_001.W_SleepForRetry.02RESOURCEITEM.1793522380:PGZ_SQA.ES05.Serv.0" ecode="200" method="POST" url="/servlet/ntfme?cmd=addmsisdn&amp;msisdn=66932080437" orig="PGZ_SQA.ES04.AISNTFME.0" ret="4">
				<addmsisdn>
					<errorcode>50000</errorcode>
					<errdesc>Operation Completed</errdesc>
				</addmsisdn>
			</EquinoxRawData>
			<EquinoxInstance>
				<value val="1::W_notifyME_1_1_001::false::ZUp6dFcrdHoya2dTLzFjb2ZicXJzNGtFQ0FOZnJsaGJUcmlOd1N2STVYYURpNUxSRUtzaUpLS0hFNStMLy8xNjNqUFM4RWp3WFcydWtsMm5ySjZlVVU4L2ZqMDlyVHhiNnlCS3B1WDlGT1Y1bENaK21TUlI4bkdjV29QV0dSbWJSV3MwTFlMMVpwUXMweldNV1FPclpUczl1OXRxTlJ4NzBJSC9XODF1dC84Mys4SzJyY3FrU1ZuVStkdjlwdHR5VlA3THRFeUs5MEVFekk1Q3VjM1NKY2dsaUhqWmxLN29zcGx2Z3R6THNqU3pCcXNnemhFbGp2SzM2ZktUTlNpeVVsQ3VveVRLSDY3ajlJdkc2cU04TGJNbG1tUWh5a1pKam5kdTJiYnZUU2Z2L0V0djRsOTVQbnNWYUFrWWlpQlpJbXZ3WEdNQ1VpNDVkcXhET0tKQ1VhcFJQWjJMQzY0ZW1CRXNQL25vODFWUUlJWFpzVHZ3bjhJMUpGeVhWNzdCUUhiVGJYY1ZYaXpESkl1d0xXOWYvN0dZL2pac2VsUGJiVTVSOXRoVWVFYkpZL29KdjlXNTZMZmRWcXZkVXdiZitXOWg1QlhYWVA3cTBYbDFYY2FyS0k3WEtDbGU0Y1dpSlFJalBrYll0N0R2aU1uZUk3REE5UEZrN0VucTVUb0VtbVlUT1hpRGlvY1VqOTlPcGpNZ2wxa01uQnY0S1dPODFMdnhyK1BKK3pHZmdDWEg0OXBMaUZ2NXFNaWV4ckF0dTBLYmhpdEJMTE1NSkFRakVhMVByNjRYcjcwWk4rZG9mTzBQeDVNcnNXcFNaR25NbWQ4UFI3T0Y3OTFPL0JrZEg2T3Z4YzVCUHFES2JRMCszSkZINXZIRExBdWVCSkhNMEVuZWxYOFR3RmFmdDFRZy9xZ2FEcDR5dEV5emNQYTBZUzhzRHZsaHI4ZTloazRkQjJzdUt3V01VU2hFcjFCUzhLOG95YWtUeUhrUjJlQnRRTlNya3BpdHlLdll3SnBiSEg0SDhGa0hpWGdBazRGdktOTzVWT1IxTkpyRE9rMXVQVU9mUzVRVHM1UTVKK1diRkNUV2FVR01qY0FFU3Uram1NWTJmdkU2ajhSTTRyRnlteWpMYmtBZndVZjIvQ1dnVWMvMEh1U2Z1SGdaOGQvTE5FUlNDc21aYWZnVTZzVFhXVnB1T0hGWjVrVzZScG5HcVJINTVyZGJER2liS1hHYlhVN0N0dUtOcnhZMUVGTU1MYWNPekVnU2dwS2pKQ2hnd2xUemhUZitIOEo0bGFXb3U2SG9FWVVjSjJ4cFNCSHdMZHRtcmtudHhyVFc3MTJvcnIwckJTa1l1emNNQUR3NzNRNW5UWlJRZnBkOFN0SXZ5VGM2cW5SOUhWUy93WE9yTG5GMU94eDd3OUhRdGx1dno5VUUwZTZEaGh5amd5cXViUGZiTGJ0bmQ5b1gwcWxkVUc3YnRkdHR4MlphRmo1Ynoyb0pOU0MxYU02akp5K1hKSHVUWUVpeks1UXZnVHEzcHBRK3R4VHo2MEI5cEg5N3Yzc0wvT2QyNkk5MitUcVZKeWVHNVE2YVo2dGxFNFJ0NUNnSkd6aWJOUGlPRm1STERTWjZBd1RoSzFBM3FpMEJmdnA0WUluUGZBbnZLM2RSQ3lKUVdyL1o2dmE3M2FhVzlwcnZGN3R5VHROdzh0QmlkbCt5ZXBIUWhSZnNDdDFUOTNKYTVIZmF4MFMrY3ZqOHpzamZvMkVCQlREK2dtamdnMlR0MW9YVGFiZHBSQnV3WWJnc29rY1FzQUZIcnJCY0ZuOW1yTUFhMUJ6ekJOUXdJZ1lHQjFCdXRLZ092VGlTREVkVHZCdWJZZ0dZdmJIYjM0OUVGcm9reGFlakZ6VGd6SGZMdWZEKzVTMW1veHU1dm1zNzU5aStpNXNwRVg2N2xZZm55NGNvRHZuSmVaVC9NNGlqa0ZkZjhoQnJDREFjaXkybEx2SFZzeEFQY25JcWhyQkpncmd5QW52Mmd5OVFHQVZBZkc3Z1AzTitzSHVEQWpEZTNCbzArTUNtdkkrajVZZ2NmekY5RGxXazdXS1JITnZweksyekNoOXNvOXpQbUpGd08ySkZ6bmh3U1QzdUthY2UralZlNXRlVUZ4eDVCM2ZGNlFXNzhIdk9DdVIwdFVJWmxHdWM3ZFoyV3UyTzY4clZLa0VsVnpPRm5Eb3R5Tk1FeHpTZFlkNjRWR2NWMFpUdFBBUkpnbUxLOWc0Y1d3NlZPYlU3WU1iMGwvTjNVMTk5UDJ3TVFYbk9SY1ljdHE1Vkl2bjBLUy9RbXZMOE1wM3FpOE1nSFhrRE5jNi8wMFJkZjVZRlNiNk9Dc3BnenkweXNxM3FiUVNydjQxeXd2YUJqRkV2VlJ4WWF1SFM5NFl6VDloSFdRWkROT1ZKMGlKYVBkMW9YQVJBcitQZ294QkdqdVVidEl5QzJNdXlONUNlWWpDMkRCWEdVVzQyT042SWlIZG55Z2hHOTEvUkUxUzlZWVFQQjJhT0svU0k0blNEZUIxRXVSakxWa3FDa3dnVnNKSkhWSEY1Qm1JN0VVbklwQlNzVzI1Zjk5NUZuWlhiUG0rRjNkWjU1MzVwbjkvM0EvZThiYmRzMU9sMTJ5c2JjUnZCejExakswdkRJOU1sQnNFNGdod09yZy9tSVBuOTJTcG8xbGdXeldEVlhGTU5OQ04yaGRiY2NOWW1tYlFZWGIzMUZ0VnJqNURnMnJPR1crVHFTd0lIY0dsb1pSaFdNV3JQOEk3cGg4OGhFaXR3dm1GQUlXZHFDYms2OTV1eXRzU09uY1dSNFFERWNBSlhhd0FTK05Zb0p3Y3dCZzFrWFlFSmpNNE5xeUFCakFBTXNPbEF3dFVPRFg2eUFvOTZkbHo5M2dOR0ZSMnN3UWZydVFvSUNoN1VnRUREQVIwQWFQenZDUHhuTGR3aGxvMUJMdWlHMFA1d3R6MFRzV3dLWlMyR0t5RnNpTjFqUTNkcjNjRjVNUGRaMFNEdWRxTjhuQlkzRVZRNytNWmFFTm5SaER5ekU0d1dkbVFjUEVpN3V4RVIvaWJJSDI2Q2pSYm9Cd0tzNWh0R3I5b2Y0b2ZkcWVya0IwQmhWOHp1RG9XallzMFVHMGNDek12QmhDRytkK09HQ2RLSVY5QllZREVvcmxpTngxUHY2eWJLU0pHTWIrZ1hXc1hGanJ6bmR2ZWNIWHBkS0VERmdaZFZrNk1FSy9GalJzc2VYTk9LRzBoSEZzUzhMc1p2dVluaU9EZmZhcWszdGl5bWtsVVdqRUZvNXI3WWE2RVdHTSt1Ynp6OE82dklCQW5YYUx6UUpWWkdRUHBjcGtWd0d3ZFEvYmdrcEJscCtCaEVjUUNCSFJWUDFzQ2hJMEdNc3NMSE9tRWtkdU00UmxINFBpb2UrQ1gzODB0ZWdzZ042SEZOSUFVM2R2aU51V1U3WXJtWmQyUGQxV0dnMWxVQ09FRXpRRDVCd0VyN2pTaGdUZHNIbjhzb1E3cHFiUkJraythRjBqaVNsL1F2VnVCellFRkxjWVdNYnpWd25XbzNiZnBBU2t6eXBPd1VXOE9IdWd5QWdLc21LZVA0anBocUExU2YzYTVRaVJueE5rMWpxZ2xNVE5DWGhjZXpqRVJMa0FTV3BLR0RFNGJJSXBLRUZ4YzhBRHpDSjhpcW9MSjFSSzZxYU51TFVpL1Q5U1pHaFViRi9SQVVaTXNIU0ZaOE1TcTJ4SEJJYjZTSGxtLytrWk5NTmdmU2ZGNjlIY0drQWY3cndLRVBzNXlwODNtZHcrZnZMSVQ0eEdveHBrNFU5Wmp5Rm9ZNmdvOWdUMDBNNmlyVTNKTFZyU3hFcWk4K3ltOVZPRXRZemV5Y0VmOXNjYm9sK3NXOVJsbDR6eFAxK0swVm1JYzBDVzlOdnFlZXBMT09xV25GK2x5SHRQcm1wNUs2NkZ5QnJFcXZMQ0ZyVjNFaHhjWnJxbU1WN2p6WmtqeElXdG13OEtZc0dBZHpaOFN2U2t4aVdJT1dlMmF0SUxvRWdTRlFCZUx3N1p6TkxzMzR5VTdwZEg5Vm01NFl2TFRjaGdPYUxBQUJWVUZIVTF0YjUvak9ycmJTZzlhYndFYzBuZlVKKzNySi9EeThjQmFpWE5PYXliSnJmSG8vdVgxMFAxa1JTeEdzMGtjMk02bk5aRFBIL2xIUllWYVQ3MFhiN3ZXYnVySWcrMVpYYU9xbWIySy9jU3hqcTFxM3Z6T3dMNXJkbmt2dGIyaGoxNFhkMzlqZTNjSnN1cDArdk93NzkxTHRwWmgwK0NJOWxQRmtOcnIrblJ5M3pJMlVrN1p4WEJ2Rk5iZFIzRmJuWUJzRmYxTFNheC9YUm5HYWpuMWhhcU1ZbFB0LzF6N2hlenl0amVJSXU5WlA2Nkoxc29LamVLMXZNb0dNUk55dndkTk4rT2Zzb1pEdHlONEVqdy9SZ1BnQ2hVUGp2b1NDSGovQkpnLzNVT2lTb290U1cvS28zbXkvNWZaK2ZEUTVhUnNub1VuUGNRK2pDVUNFMnprV1RmcnlZOE9mYVBJVFRYNGtOTGxvdTEzbngwZVRrN1p4RXByQUdmSVlOT24zamtRVDdkUGxuMmp5RTAxK0xEUTVvV3Fyb2trRlBmYmhnNDRMaG9BMnhQUGhxSVZRM0JXMTN4Q2IzeFNZcG5BMEI2QXg0T29SWmUzK1Jsajk1amNSbWhNQlVnbU9JNlBBNk8zSGVQaC94VG5ybndRNStpZEI4dXBxeHpkQitqMUIvWnNnbmhYcTN3VEpmS0Y4RTJUcHpYeXg0Q2tOUDZVYkM5eTBGN3NYV3BGeVAwNWtyM1ZnNlNVYjdUbkpHM0sxK3lxcDFkNHJiYjN1eHVsZHdLNTNYUEhVSS9xdGh1YVlLcmt4TUdHUFFaRm1UMHdETjFibGt2STJqYVBsRTczUzRVTDVaU3lhYjlzNzdNNzA5Z3pldE56NUptWVlhY20vTDlmaHZBU0ZoRUVZZ243eU1NR1ByYTc4dlIxQytsZTBVbldQVVlKajAvanZlTWExWlBjRE5Od090TWFPYVlVUjQwa2xjMFA4eGZsclkwMzc3UTFoODFwYkFGN1lYTVpCbms5V0xLWE1yVWFVTkdvcHEvaUt6eml5N1VadnlIZDIwNVN1VmkzKzluVERCQ2J6RTh6KzlwaXhOV2FKZEFxYUNTbDZHdzQyM08yWEtseHRqWDAxdWFMaFFMVTMyTFRqRm5sbi9qK3gxTmJRQ2hSQWZWSTNrT3ZpeFk0OTV2YWllRTJsWFkrUEpRT1JqOHhOeVAxekx4d3h0OUtxVkgxVXBKRVFyZGpOTis1U0tPeUMrNHp5bmxtbk5KWHNvM3RLVHEybnhQOVZwV3dwZGJXV2tuVFhhbk5wdS8wUFVwMGJDUT09::" />
			</EquinoxInstance>
		</EquinoxMessage>
    </dummy-message>
    
	<dummy-message id="9">
		<EquinoxMessage from="PGZ_SQA.E11.0" via="PGZ_SQA.E11.0" session="1793522380:PGZ_SQA.ES05.Serv.0" timeout="10" ret="0" diag="7:6:0">
			<EquinoxRawData to="PGZ_SQA.ES00.0" name="HTTP" type="response" ctype="text/xml" invoke="1793522380.00000.notifyME_1_001.W_notifyME_1_1_001.02RESOURCEITEM.Task1-2" ecode="200" method="POST" url="/servlet/ntfme?cmd=addmsisdn&amp;msisdn=66932080437" orig="PGZ_SQA.ES04.AISNTFME.0" ret="0">
				<addmsisdn>
					<errorcode>0</errorcode>
					<errdesc>Operation Completed</errdesc>
				</addmsisdn>
			</EquinoxRawData>
			<EquinoxInstance>
				<value val="1::W_notifyME_1_1_001::false::ZUp6dFcrdHoya2dTLzFjb2ZicXJzeFVKRUFhK1hMRzJISE1iZzFlUXkrMEdGeVVqRWFzaUpLS0hFNitMLy8xNjNqUFM4SWp4WFNWYlR1S1U2ZW1aNmVuSGI2YW5oeWRqNVVmSnBMeWJoSGtlcFlsWEprbVVmQnFsUnI5NWd0dW0wU3FjRlA1cVBVd1c2UXJhakw3UnRPeXUxV2syRzdiVmI4Ty9sbWwxN0g5WVo1WmxWRHFOeTZMTzMrcVpUbFBoUDAvTHBQamdSOEJzUzVTYkxGMkFYSnlJaGszSmlBN3RlZVhuYnBhbG1kRmYrbkVlRXVJd2Y1Y3VQaHY5SWlzNTVUSktvdnorTWs2L0txeGVtS2RsdGdqSFdSQm13eVJIS3pjc3kzTW40L2ZldVR2MkxseVBUZ1ZhQW9iQ1R4YWgwWCtxTVFFcEZ4eGJ4c0VjVVNFcFZhdWU5dGtaVXcvMDhCZWZ2ZkRMaFYrRUVyTnR0ZUd2eERYQVhPY1huc1pBbHVtME9oSXZrbUdjUmNpV04yLy9tRTkrRzVqdXhITE1TWmc5bUJMUE1IbElQNk5aN2JOZXkyazJXMTJwOGIzM0RscmVNQTNtYng3c041ZGx2SXppZUJVbXhSczBXTFFJd1lnUEVmSXQ1RHU4cy9zQUxOQjlOQjY1Z25xK0NvQ20yRVEwWG9mRmZZcmFiOGFUS1pETExBYk9OZnlVTVJycS9lalgwZmpEaUhWQWtxTjJaUkxzVmw1WVpJOGpXSlpWb1UyQ0pTZVdXUVlTZ3BHdzFpY1hsL08zN3BTWmN6aTY5QWFqOFFVZk5TbXlOR2JNSHdiRDZkeHpiOGJlbExTUHdtL0Yxa2JXSU10dDlEL2U0by9VNHdkWjVqOXlJdTZoa3R3TDc5cUhwVDV0aUVEc28ydzQrSlNGaXpRTHBvOXJPbUd4encrN1hlWTFwT3ZJWHpGWkNXQU1BeTU2aFpLQ2YwVkpUcHhBOUl2d0FtOThyRjZaUkcyRnA2SU5LMlp4K0IzQVorVW4vQU9ZREh4RDZzNmt3dE9SYUE3cU5MSDBMUHhTaGprMlM1a3pVcjVPUVdLVjVzZklDRlNnOUM2S1NXeWppVmQ1eEh0aWp4WExETFBzR3ZUaGY2S2Z2L29rNnFuZS9md3pFeS9EL251ZUJxR1FRbkJtQ2o0Rkt2RnRscFpyUmx5VWVaR3V3a3poVkloczhac05BclQxQkx2Tk5pZWhTM0ZIRi9NYWlFbUdGbDM3ZWlRSlFNbFI0aGZRWWFMNHdwWDNCemRlWlNqaWJtSDBFQVlNSnl4aFNCN3dUY3Vpcmtuc1JyWFc2NTdKcnIxdEM1SXdkbWNZQUhpMk8yM0dta2loL0Q3NW5LUmZrKzkwVk9INktxaCtoK2RXWGVMaVpqQnlCOE9CWlRYZm5zb2JSS3NIR3JLMURpcTVzdFZyTmEydTFXNmRDYWQyUUxrdHgycTFiSXRxbWZ0c2ZWZExpQUdKUlhNV1BYbTV3THMzRG9ZMHV3anpCVkJueG9UUVo0WmtmaFdvRC9SdjkzZDNqdjdjREx6aE5sOG44dVRZc014QjgyeTVNRUhZUmg0bVFRUHRKZzIyb2psZVVvT0szZ0JCMkFqRWpXcERnSjgrN0JuaUN4dkMvY1pjMUlBSUZOWTNtNTFlcDJNcTI1NzVZYjV0enpFMUp3OGxabmR0Vmk4U3VqREJ0dEE5ZGkzSFJYNjdkVWprUzRmUFowYitEZzF6S0lEMkYwUUREeVJyTmMvc2RxdEZJbHFERFlORkVUMkFnQTA0Y2dYbG92aVJzUUpwVUhITUkxQkRpeGdJSEVDNTBiemE5T0pJTWhoTzBHb3NnZ1ZnOXNaMmZ6OFFXY2lRQko4T0hsQ0RNOCtXYys3K3g1MVBoOWRpZk1leVQ1Rjk1OWNUTFB4bUl3N1A1L2RSSExDVDh6RC90eDlIQWN1K3hDRldFMkFvRnB0U1h1TEpaeUVXNVBoVURHR1QrSEdsQmRicytWOGhNZktCK05SQWYyYnNZSGNWK21DOG1kRnZzSVoxZVJkSGl5RSsvaUw2RExKSXkwRWkyWmJkbmhrbkZUNVlScm1iTWNQaGRzQ0lqSEh2a0dyY0UwNDE5R3U4MUs4Skx6anlGdTZLMDNOMjd2ZU1GY2pwY2hsbWtLNHh0aHZMYnJiYWppTkdxd1NWR0UwWGNuSTNQMDhURk5Pa2gzN2hRcDFWUkpPV2MrOG5TUmdUdHZmZzJLS3B6SW5kQVRNbXY1eStuM2p5L0xDd0VOSnpKakxpc0ZTdFlza25qM2tScmdqUEw1T0pPamcwa3BZcnlISCtUQk41L0dubUova3FLZ2lETlROd3k2YXF0eUdNL2k3S01kdEgzRWE4VkhKZ29ZVnp6eDFNWFc0ZmFSZ0UwWVFuU1l0bytYaXRjR0VBdll6OVQxd1kwWmF2dzBYa3gyNldYY0gyRklPeFJhaFFqbks5UnZHR1JidzlrVm9RdXY4YVBrTFdHMFRvY0tEbnVBZ2Z3amhkaHl3UElseVVaU01rUVpzSUViQ3lqOGppc2gySXJvUnZRanFsSU4weSt6cDNUdGhlT3EzVFp0QnBucmJ2RnRicFhjOTNUbHRXMHdyYjNVNXJhWVhNUnZCejI5aUkxUERBN1JLQllCekJIZzZ1RCtiQSsvdVRVWkJkWTFHWS90SmNFUTJZRWIxQ005ZU0xY1NkNXNPTGQrNjhldTBSWUZ4N1VuQUxYMzBKNEFBdUJhMDB6VEpHN1dqZTBuMy9PVVJnQmRwdktGQ0luc3FHWE8zN1hidTJ3STZ0eVpIbUFFUnhBbVZyQUJMbzFpakhCekFLRFhoY2pnbVV6Z3dySVFHMEFBelE3a0JDMlE0SmZqd0NpM3A2WEgzdUFhT0tEa2Ivby9GVUJRUUpEMnBBb09DQUNnQWsvcmNFL3BNUzdoREwyaURuZEUxb2Y3emRuUEJZMW9XeUVzT1ZFTmJFN3FHaHV6RnU0VHlZZXpScDRIZTdVVDVLaStzSXNoMTBZODJKOUdpQ1A5TVRqQkoydUIwOFNMbTc0UkYrNWVmMzEvNWFDZlE5QVZiekRhMVg3UTd4L2U1VWRmSTlvTEF0WnJlSHdrR3hwb3VOQXdIbTVXQkNFOS9iY1VNSGFkZ3JTQ3pRR09SWHJOcmpxZnR0SFdVNFNVWTM5SE1sNDZKSDNsT3JjMG9QdlE0a29QekFTN1BKWVlLVStDa2phUS9LYWZrTnBDMFNZcFlYbzFtdW96ak85YmRhOG8wdGphbGttZmtqRUpxNkwvSmF5QVZHMDh0ckYvMU9NekpPUWprYVMzU3hsVU1nZlNuVHdyK0pmY2grSEJ6U2xEUjQ4S1BZaDhDT2lrZWpiNU1XUHc2endrTTZvU1I2NHpnS28rQkRWTnl6Uys2bmw3d0VFUXRRNHhwRENpcnNzQnR6dzdMNWNGUDMycml0dzBDdHFnUndFazRCK1RnQktlMDNySUFWS1I5OEthTXNWRlZyZ1NEck5DK2t3cEc0cEgreEJKOEJTN2pnVjhqb1ZnUGxxWlpwa1E4NHhjU2ZwSlVpYTNpUWx3RVFNTlVrWlJ6ZllsT3RnZXJSMnhVaU1TWGVwR2xNTklHSVNmaDE3ckpkUnFBbFNBSkRrdEJCR3diZlJRUUpEYzU1QUhpNFQrQlJRV1dyQ0Y5VmtiSVhvWjZucTNVY0Znb1YxVU5DUDF2Y3cyYkZCaU5pQ3d5SDdRM1gwUEwxdjNLOGs4MkFOSnRWYjBjUXFZLysyM1BvUXl3bmNuK1c1N0QrV3hNaDFyR2FqTWtkZVQ0bXpVSlJoL05oN0ttSlFWeUZtRnV3T3BXQmNQYkZXdG10Q21NSnFqczdZMFEvRzdUZFl2MmlXcU5JdkdlSmZQeFdFc3g5bW9SWmsrZmtrNlRYSVRrdEg1L3BrR1RmN0ZSU0Y1MHBrR2JwbFNGRTdzb3ZwR2g3VFhVMHc1MGxHN3dQNGxJMkRMd3VDOHBCM1Rsa1Z5VTZNWXgrMHpreGxoQmRuRUFScUFKeDZIYk9vcGRtN0dRblZicS95VVZQQkY3SzNvWUNHZzhBQVZWQlIxMVpXK1Y0WmxWYnFrR3JSZUFEaXM1cWgxMjFaSFllbnR0em5xNHB4V1JSTlQ2K250dyt1SjRzaVNVSlZxa2o2NW5rWXJLZVkzY3JyekRMbTIvYjduVzdwcW9zMkgyckk1aXE2VTNrTjdhaExWV3I5cmY3VnRlMHp1alpSRlBHcmd1N3U3Qzl2WVJwT3UyZWRmYmN0VlJyS1RvZHZrZ05aVFNlRGk5L3g4Y3RmU0hscUdVY1ZrWng5R1VVcDluZVcwWkJUMHE2cmNQS0tMWnBXMmU2TW9wR3VYKzU4Z2xiNDNGbEZKdmJ0WDVhNTZXVEpSekZhM1dUTWV4STJQMGFiTHNKZnN3YUNsNk9xRTJ3K09BRmlLK1FPRFR1U2tqbzBTZFk1UDRhQ2htU1YxRnFReDVVbSswMW5XY2o0NCtESmtjdDR5ZzA2ZHJPZmpRQmlIRGFoNkpKcjlON1JaTlhOUGtaMGVTczVYVHNueDlOamxyR1VXalM2UjZFSnIzdWdXalNORHV2YVBLS0pqOHJtbGpkM2w4QlRZNVl4bEZvMGpyYi8xUVVRY1NoYUtKOEVlSVZUVjdSNUdkQ2s2UHVnS3BvVWtHUFhmaWc0b0ltb0RYeHZEOXFJUlMzUGZEK2p0ajhyc0RVaGFNK0FMVUJWNDhvWS9zM0R1UnZFQ1JjY3p4QUtzRnhZQlJvdmYwUUQvK2ZPR2Y5Z2FHdFBqQVVGK0ZiWGhpcXQ0NzFGNFpzVjZpL01CVDdoZlRDMEZDZkJ2RUJqM2srSUwzdEFHN3lzbU1udElaU3RRM0xYbnZQUWE3c1NRVmIxTnZrdHh5Q1duM0pRUjV5Yk1mcGJjQ3V2dDlBWFE5NHZhRXB0Y3VTYXdNVDF1Z1hhZlpJTlhCdFZFb2VOMmtjTFI3SkJURVR5aXRqWHNyZjNDSjNKbmZ4TU5OaTYwelVNTUtTLzF5c2dsa0pDZ244SUFEOTVFR0NQalk3NHZkV0FNbUVwSldxZXd3VEZKdmFid1dPYXB2ZFQxQyszMU5vUDZTd2pvMG5sTXdNOFRmNzc0MFZlYjNUNERhdkZSbGhRbk1SKzNrK1h0SXRaV1kwb3FSUjI3S0tiK2lNSTRyNHBONjJ0VFl2MWNocjhiZWp0czR4bVoxZ2RoZmJ0WVYyZzIrbm9KbUFvTGZtWU1QY2ZpSEQxVVpicFJjamFnNVVPNE5OT1c3aE9mUC9pNlUybW9jRkFxbVBlbHpBbFBGaTV4Nzlhd1UrVGVYMUR6cVg5UG1HcEgvVHNMc3YrejVLL2VXRDdLUjhId25DSlMya29hS254TTY1VHdqdmlYRk1qZG82dUVSdDEwclU3RXZhb2tMZFVTclV3bCtydGVyTjVyK1dMR2ti::" />
			</EquinoxInstance>
		</EquinoxMessage>
    </dummy-message>

</dummy-request>